
ROM used:   1477/8192 (18%)
            1477/8192 (18%) including unused fragments

            1.2 Average locations per line
            4.2 Average locations per statement

RAM used:   58/368 (16%) at main() level
            64/368 (17%) worst case

Stack used: 2 worst case (1 in main + 1 for interrupts)
Stack size: 8

Lines Stmts  %   Files
----- ----- ---  -----
  527   355 100  main.c
  672     0   0  C:\Program Files\PICC\devices\16F877A.h
----- -----
 1199   355 Total

Page ROM  %  RAM    Vol Diff  Functions:
---- --- --- ---    --- ----  ----------
0     13   1    1             @PUTCHAR_BIU_1
0     31   2    1    110  2.5  main
 Inline         2    729  6.2  Comunica
0    615  42    2   9001  6.5  Entradas
0    304  21    4   2501  6.4  Cambio
0     89   6    2    622  4.7  HolaMundo
0      8   1    0     29  1.2  Cruce
0     88   6    2    193  4.0  BusData
0    264  18    0   4559  4.0  Accion
 Inline         0             @cinit1

Program metrics:
    Functions               8
    Statements              355
    Comments                322
    Volume (V)              22420
    Difficulty (D)          37.2
    Effort to implement (E) 834518
    Time to implement (T)   12 hours, 53 minutes
    Est Delivered Bugs (B)  3
    Cyclomatic Complexity   102
    Maintainability (MI)    46

 Segment     Used  Free
-----------  ----  ----
00000-00003     4  0  
00004-00040    61  0  
00041-007FF  1412  571  
00800-00FFF     0  2048  
01000-017FF     0  2048  
01800-01FFF     0  2048  



