
ROM used:   367/8192 (4%)
            367/8192 (4%) including unused fragments

            0.5 Average locations per line
            4.8 Average locations per statement

RAM used:   15/368 (4%) at main() level
            21/368 (6%) worst case

Stack used: 2 worst case (1 in main + 1 for interrupts)
Stack size: 8

Lines Stmts  %   Files
----- ----- ---  -----
  121    76 100  main.c
  672     0   0  C:\Program Files\PICC\devices\16F877A.h
----- -----
  793    76 Total

Page ROM  %  RAM    Vol Diff  Functions:
---- --- --- ---    --- ----  ----------
0     21   6    1             @delay_ms1
0    292  80    3   2232  7.5  main
0      7   2    0     17  0.8  Cruce
 Inline         0     17  0.8  @cinit1

Program metrics:
    Functions               3
    Statements              76
    Comments                132
    Volume (V)              2362
    Difficulty (D)          10.2
    Effort to implement (E) 23975
    Time to implement (T)   22 minutes
    Est Delivered Bugs (B)  0
    Cyclomatic Complexity   6
    Maintainability (MI)    46

 Segment     Used  Free
-----------  ----  ----
00000-00003     4  0  
00004-0002E    43  0  
0002F-007FF   320  1681  
00800-00FFF     0  2048  
01000-017FF     0  2048  
01800-01FFF     0  2048  



