
ROM used:   122/8192 (1%)
            122/8192 (1%) including unused fragments

            0.2 Average locations per line
            4.7 Average locations per statement

RAM used:   5/368 (1%) at main() level
            6/368 (2%) worst case

Stack used: 1 worst case (1 in main + 0 for interrupts)
Stack size: 8

Lines Stmts  %   Files
----- ----- ---  -----
   66    26 100  main.c
  672     0   0  C:\Program Files\PICC\devices\16F877A.h
----- -----
  738    26 Total

Page ROM  %  RAM    Vol Diff  Functions:
---- --- --- ---    --- ----  ----------
0     21  17    1             @delay_ms1
0     97  80    0    590  1.9  main
 Inline         0    729  6.2  @cinit1

Program metrics:
    Functions               2
    Statements              26
    Comments                154
    Volume (V)              1544
    Difficulty (D)          8.1
    Effort to implement (E) 12484
    Time to implement (T)   12 minutes
    Est Delivered Bugs (B)  0
    Cyclomatic Complexity   6
    Maintainability (MI)    137

 Segment     Used  Free
-----------  ----  ----
00000-00003     4  0  
00004-007FF   118  1926  
00800-00FFF     0  2048  
01000-017FF     0  2048  
01800-01FFF     0  2048  



