
ROM used:   1796/8192 (22%)
            1796/8192 (22%) including unused fragments

            1.3 Average locations per line
            4.0 Average locations per statement

RAM used:   73/368 (20%) at main() level
            80/368 (22%) worst case

Stack used: 2 worst case (1 in main + 1 for interrupts)
Stack size: 8

Lines Stmts  %   Files
----- ----- ---  -----
  742   447 100  main.c
  684     0   0  C:\Program Files (x86)\PICC\Devices\16F877A.h
----- -----
 1426   447 Total

Page ROM  %  RAM    Vol Diff  Functions:
---- --- --- ---    --- ----  ----------
0     21   1    1             @delay_ms1
0     13   1    1             @PUTCHAR_BIU_1
 Inline         0             @GETCH_BIU_1
0     32   2    1    110  2.5  main
 Inline         3    882  7.7  Comunica
0    759  42    2   9791  6.5  Entradas
0    382  21    4   3232  6.9  Cambio
0    287  16    3   3634  5.4  HolaMundo
0      8   0    0     29  1.2  Cruce
0    110   6    4    170  3.9  BusData
0    119   7    0   1422  3.9  Accion
 Inline         0             @cinit1

Program metrics:
    Functions               8
    Statements              447
    Comments                492
    Volume (V)              24495
    Difficulty (D)          39.7
    Effort to implement (E) 971880
    Time to implement (T)   15 hours, 0 minutes
    Est Delivered Bugs (B)  3
    Cyclomatic Complexity   69
    Maintainability (MI)    42

 Segment     Used  Free
-----------  ----  ----
00000-00003     4  0  
00004-00040    61  0  
00041-007FF  1731  252  
00800-00FFF     0  2048  
01000-017FF     0  2048  
01800-01FFF     0  2048  



