
ROM used:   37510/65536 (57%)
            37510/65536 (57%) including unused fragments

            7.7 Average locations per line
            14.2 Average locations per statement

RAM used:   273/3968 (7%) at main() level
            316/3968 (8%) worst case

Stack used: 8 worst case (6 in main + 2 for interrupts)
Stack size: 31

Lines Stmts  %   Files
----- ----- ---  -----
 3623  2483  94  main.c
  839     0   0  C:\Program Files\PICC\devices\18f4620.h
  277    74   3  FLEX_LCD_164.c
  154    85   3  DS1307.c
----- -----
 4893  2642 Total

Page ROM  %  RAM    Vol Diff  Functions:
---- --- --- ---    --- ----  ----------
0     42   0    1             @delay_ms1
0     32   0    1     86  1.6  @PUTCHAR_BIU_1
0     20   0    0    838  7.0  @const651
0     66   0    1    328  2.7  lcd_send_nibble
0     54   0    1    362  2.3  lcd_read_nibble
0     40   0    3    165  3.3  lcd_read_byte
0     78   0    3    319  4.1  lcd_send_byte
0    136   0    2    384  4.4  lcd_init
0     72   0    4    336  6.0  lcd_gotoxy
0     34   0    0    838  7.0  @goto10654
0    104   0    1    275  3.9  lcd_putc
0     76   0    3    838  7.0  @I2C_READ_1
0     82   0    1    838  7.0  @I2C_WRITE_1
0     40   0    3    242  5.7  bin2bcd
0     42   0    3    155  4.7  bcd2bin
0    396   1    2    437  2.4  ds1307_init
0    340   0    8    503  2.7  ds1307_set_date_time
 Inline         5    383  3.1  ds1307_get_date
 Inline         4    315  3.0  ds1307_get_time
0    286   0    0    895  5.3  MAIN
0  10072  13   14  36423 12.0  LuzGrupo
0     42   0    0    450  8.2  @goto11304
0     42   0    0   4694  8.0  @goto11714
0     22   0    0  15396  9.5  @const811
0     32   0    2  15396  9.5  @PSTRINGC_675
0     22   0    0   3811  8.5  @const813
0     22   0    0   4135  8.0  @const814
0     22   0    0  15396  9.5  @const815
0     22   0    0   4135  8.0  @const816
0     22   0    0   4135  8.0  @const817
0     22   0    0  15396  9.5  @const818
0     22   0    0  15396  9.5  @const819
0     22   0    0    394  2.3  @const820
0     22   0    0     32  1.0  @const821
0     22   0    0   7880  9.0  @const822
0     22   0    0   7880  9.0  @const823
0     22   0    0    838  7.0  @const824
0     22   0    0   8751 10.1  @const825
0     22   0    0    394  2.3  @const826
0     22   0    0   4694  8.0  @const827
0     22   0    0   4135  8.0  @const828
0     24   0    0   1654  6.4  @const829
0     24   0    0    330  6.5  @const830
0     24   0    0   7880  9.0  @const831
0     24   0    0   7880  9.0  @const832
0     24   0    0  15396  9.5  @const833
0     24   0    0   7880  9.0  @const834
0     24   0    0   7880  9.0  @const835
0     24   0    0   1654  6.4  @const836
0     24   0    0   1654  6.4  @const837
0     42   0    0   1654  6.4  @goto11870
0     22   0    0   1654  6.4  @const839
0     22   0    0   4694  8.0  @const840
0     22   0    0   4694  8.0  @const841
0     22   0    0  15396  9.5  @const842
0     22   0    0  15396  9.5  @const843
0     22   0    0   4694  8.0  @const844
0     22   0    0   4694  8.0  @const845
0     22   0    0   7880  9.0  @const846
0     22   0    0   4694  8.0  @const847
0   1210   2    6   3550 10.3  LuzInt
0     22   0    0   8751 10.1  @const850
0     22   0    0    394  2.3  @const851
0     24   0    0  15396  9.5  @const852
0     40   0    3  15396  9.5  @PSTRINGCN_675
0     44   0    3    407  2.3  @DIV88
0    124   0    2  15396  9.5  @PRINTF_U_675
0     22   0    0  15396  9.5  @const861
0     24   0    0    330  6.5  @const862
0     22   0    0    535  3.3  @const863
0     22   0    0   2085  7.4  @const864
0     22   0    0     32  1.0  @const865
0     22   0    0     32  1.0  @const866
0     22   0    0    330  6.5  @const867
0    996   1    5   2769  9.3  LuzOnOff
0     22   0    0   8751 10.1  @const871
0     24   0    0  15396  9.5  @const872
0     22   0    0  10693  6.0  @const873
0     22   0    0     32  1.0  @const874
0     22   0    0    330  6.5  @const875
0     22   0    0   2085  7.4  @const876
0     22   0    0   4694  8.0  @const877
0     22   0    0   4694  8.0  @const878
0   1088   1    4   3811  8.5  ActAlarma
0      2   0    0   2085  7.4  @const879
0     22   0    0   2085  7.4  @const883
0     22   0    0  10693  6.0  @const884
0     22   0    0   2085  7.4  @const885
0     22   0    0   2085  7.4  @const886
0     22   0    0             @const887
0     22   0    0   4694  8.0  @const888
0   1028   1    4   4135  8.0  ConfAlarma
0      2   0    0    330  6.5  @const898
0     20   0    0    838  7.0  @const906
0     22   0    0  12416  6.0  @const910
0     18   0    0   4694  8.0  @const911
0     18   0    0  10693  6.0  @const912
0     20   0    0  10693  6.0  @const913
0     20   0    0  10693  6.0  @const914
0     22   0    0   8751 10.1  @const915
0     20   0    0   3767  5.4  @const916
0     20   0    0   2085  7.4  @const917
0     38   0    2   2085  7.4  @PSTRINGR_675
0     24   0    0             @const919
0     18   0    0             @const920
0     20   0    0             @const921
0   1076   1    4   7880  9.0  Autenticar
0      2   0    0             @const922
0     38   0    0   8751 10.1  @goto12631
0     38   0    0   8751 10.1  @goto12654
0     38   0    0   2085  7.4  @goto12677
0     38   0    0   2085  7.4  @goto12700
0     22   0    0     84  2.4  @const929
0      8   0    0   2085  7.4  @const930
0      8   0    0   2085  7.4  @const931
0      8   0    0             @const932
0      8   0    0    577  3.3  @const933
0      8   0    0   8751 10.1  @const934
0      8   0    0   8751 10.1  @const935
0     38   0    0    577  3.3  @goto12727
0      2   0    0   8751 10.1  @const937
0     22   0    0   8751 10.1  @const938
0     22   0    0     32  1.0  @const939
0      2   0    0    577  3.3  @const940
0     22   0    0    549  3.3  @const941
0     22   0    0   2085  7.4  @const942
0   1866   2    4  15396  9.5  CClave
0      2   0    0    330  6.5  @const943
0     50   0    0    838  7.0  @goto12807
0     50   0    0    170  3.9  @goto12836
0     50   0    0     84  2.4  @goto12865
0     50   0    0     96  3.2  @goto12894
0     22   0    0   8751 10.1  @const951
0     10   0    0  10693  6.0  @const952
0     10   0    0  10693  6.0  @const953
0      8   0    0   1618  6.3  @const954
0      8   0    0             @const955
0      8   0    0   1618  6.3  @const956
0      8   0    0   1379  7.3  @const957
0      8   0    0   1618  6.3  @const958
0      8   0    0     32  1.0  @const959
0      8   0    0    330  6.5  @const960
0      8   0    0    838  7.0  @const961
0      8   0    0     32  1.0  @const962
0      8   0    0    330  6.5  @const963
0      8   0    0    838  7.0  @const964
0      8   0    0    170  3.9  @const965
0      8   0    0   1363  7.3  @const966
0     50   0    0   1363  7.3  @goto12949
0      2   0    0  12416  6.0  @const968
0     22   0    0   2324  5.4  @const969
0     22   0    0  10639  5.5  @const970
0      2   0    0     32  1.0  @const971
0     22   0    0     32  1.0  @const972
0     22   0    0    330  6.5  @const973
0   1418   2   13   4694  8.0  Ccasandra
0     20   0    0   1363  7.3  @const977
0     20   0    0   1363  7.3  @const978
0     22   0    0    170  3.9  @const990
0     16   0    0     84  2.4  @const991
0     16   0    0     96  3.2  @const992
0     16   0    0   1363  7.3  @const993
0      4   0    0  10639  5.5  @const995
0      4   0    0     32  1.0  @const998
0      4   0    0    170  3.9  @const1001
0    546   1    5   2085  7.4  CReset
0     22   0    0             @const1008
0     22   0    0   3820  5.4  @const1009
0     22   0    0             @const1010
0     22   0    0             @const1011
0      2   0    0             @const1012
0     22   0    0             @const1013
0   1926   3   26   8751 10.1  CHs
0      2   0    0             @const1025
0     26   0    0             @const1026
0     26   0    0             @const1027
0     26   0    0   2324  5.4  @const1028
0     26   0    0    192  3.0  @const1029
0     26   0    0             @const1030
0     26   0    0   3820  5.4  @const1031
0     26   0    0             @const1032
0     40   0    0             @goto13536
0     20   0    0   1618  6.3  @const1034
0     20   0    0   2324  5.4  @const1035
0     20   0    0   2324  5.4  @const1036
0     20   0    0    192  3.0  @const1037
0     20   0    0   3820  5.4  @const1038
0     20   0    0   3820  5.4  @const1039
0     20   0    0   3820  5.4  @const1040
0     20   0    0   3820  5.4  @const1041
0     20   0    0             @const1042
0     20   0    0             @const1043
0     20   0    0   1618  6.3  @const1044
0     20   0    0   1618  6.3  @const1045
0     50   0    0             @goto13601
0     22   0    0   1618  6.3  @const1047
0     12   0    0   1618  6.3  @const1048
0     22   0    0   1618  6.3  @const1049
0     12   0    0             @const1050
0     14   0    0   1618  6.3  @const1051
0     12   0    0   1618  6.3  @const1052
0     14   0    0             @const1053
0      8   0    0             @const1054
0     10   0    0             @const1055
0      8   0    0   2324  5.4  @const1056
0     12   0    0    192  3.0  @const1057
0     10   0    0             @const1058
0     12   0    0   3820  5.4  @const1059
0     14   0    0             @const1060
0     12   0    0             @const1061
0     14   0    0             @const1062
0    448   1    2   1363  7.3  inicio
0      2   0    0   2324  5.4  @const1067
0     42   0    1     32  1.0  DHT11_init
0     64   0    2    330  6.5  get_byte
0    208   0    5    838  7.0  get_data
0     66   0    2    170  3.9  BusData
0     24   0    0     84  2.4  TIMER1_isr
0     14   0    1     96  3.2  Comunica
0   1002   1    4  12416  6.0  Teclado
0    156   0    0    192  3.0  @goto14354
0   2506   3    0  10639  5.5  Pantalla
0      2   0    0   3820  5.4  @const1075
0     28   0    0   1618  6.3  @const1077
0     24   0    0             @const1078
0     22   0    0             @const1079
0     22   0    0             @const1080
0     22   0    0             @const1081
0     22   0    0             @const1082
0     22   0    0             @const1083
0     22   0    0             @const1084
0     22   0    0   1618  6.3  @const1085
0     22   0    0   1618  6.3  @const1086
0     22   0    0    192  3.0  @const1087
0     22   0    0   1618  6.3  @const1088
0     22   0    0   1618  6.3  @const1089
0     22   0    0    192  3.0  @const1090
0     22   0    0             @const1091
0     22   0    0   3820  5.4  @const1092
0     22   0    0             @const1093
0     22   0    0             @const1094
0     22   0    0             @const1095
0     22   0    0             @const1096
0     22   0    0             @const1097
0     22   0    0   2324  5.4  @const1098
0     22   0    0   2324  5.4  @const1099
0     22   0    0   1618  6.3  @const1100
0     22   0    0   3820  5.4  @const1101
0     22   0    0   3820  5.4  @const1102
0     22   0    0             @const1103
0     22   0    0             @const1104
0     22   0    0             @const1105
0     22   0    0             @const1106
0     22   0    0   2324  5.4  @const1107
0     22   0    0   2324  5.4  @const1108
0     22   0    0    192  3.0  @const1109
0     22   0    0   2324  5.4  @const1110
0     22   0    0   2324  5.4  @const1111
0     22   0    0    192  3.0  @const1112
0     22   0    0   3820  5.4  @const1113
0     22   0    0   3820  5.4  @const1114
0     22   0    0             @const1115
0     22   0    0             @const1116
0     22   0    0             @const1117
0     22   0    0             @const1118
0     22   0    0             @const1119
0     22   0    0             @const1120
0     22   0    0             @const1121
0     22   0    0   2324  5.4  @const1122
0     22   0    0    192  3.0  @const1123
0     22   0    0             @const1124
0     22   0    0   3820  5.4  @const1125
0     22   0    0             @const1126
0     22   0    0             @const1127
0     22   0    0             @const1128
0     22   0    0             @const1129
0     22   0    0             @const1130
0     22   0    0             @const1131
0     22   0    0             @const1132
0     22   0    0             @const1133
0     22   0    0             @const1134
0     22   0    0             @const1135
0     22   0    0             @const1136
0     22   0    0             @const1137
0     22   0    0             @const1138
0     22   0    0             @const1139
0     22   0    0             @const1140
0     22   0    0             @const1141
0     22   0    0             @const1142
0     22   0    0             @const1143
0     22   0    0             @const1144
0     22   0    0             @const1145
0     22   0    0             @const1146
0     22   0    0             @const1147
0     22   0    0             @const1148
0     22   0    0             @const1149
0     22   0    0             @const1150
0     22   0    0             @const1151
0     22   0    0             @const1152
0     22   0    0             @const1153
0     22   0    0             @const1154
0     22   0    0             @const1155
0     22   0    0             @const1156
0     22   0    0             @const1157
0     22   0    0             @const1158
0    156   0    0             @goto14561
0    900   1    2   1618  6.3  Tiempo
0     20   0    0             @const1160
0     20   0    0             @const1162
0     20   0    0             @const1163
0     20   0    0             @const1164
0     20   0    0             @const1165
0     20   0    0             @const1166
0     40   0    0             @goto14613
0     50   0    0             @goto14678
0    878   1    1   2324  5.4  Ambiente
0     54   0    4    192  3.0  Holding
0     18   0    0             @const1181
0    970   1    3   3820  5.4  AcercaDe
0     22   0    0             @const1183
0     22   0    0             @const1184
0     22   0    0             @const1185
0     22   0    0             @const1186
0     22   0    0             @const1187
0     22   0    0             @const1188
0     22   0    0             @const1189
0     22   0    0             @const1190
0     22   0    0             @const1191
0     22   0    0             @const1192
0     22   0    0             @const1193
0     22   0    0             @const1194
0     22   0    0             @const1195
0     22   0    0             @const1196
0     22   0    0             @const1197
0     22   0    0             @const1198
0     22   0    0             @const1199
0     22   0    0             @const1200
0     22   0    0             @const1201
0     22   0    0             @const1202
0     22   0    0             @const1203
0     22   0    0             @const1204
0     22   0    0             @const1205
0     22   0    0             @const1206
0     22   0    0             @const1207
0     22   0    0             @const1208
0     22   0    0             @const1209
0     22   0    0             @const1210
0     22   0    0             @const1211
0     22   0    0             @const1212
0     22   0    0             @const1213
0     22   0    0             @const1214
0     22   0    0             @const1215
0     22   0    0             @const1216
0     22   0    0             @const1217
0     22   0    0             @const1218
0     22   0    0             @const1219
0     22   0    0             @const1220
0     22   0    0             @const1221
 Inline         0             @cinit1

Program metrics:
    Functions               221
    Statements              2642
    Comments                1344
    Volume (V)              1558443
    Difficulty (D)          1370.8
    Effort to implement (E) 2136389378
    Time to implement (T)   32968 hours, 58 minutes
    Est Delivered Bugs (B)  553
    Cyclomatic Complexity   4672
    Maintainability (MI)    48

 Segment     Used  Free
-----------  ----  ----
00000-00002     4  0  
00004-00006     0  4  
00008-000B8   178  0  
000BA-0FFFE  37328  28022  



