
ROM used:   1734/8192 (21%)
            1734/8192 (21%) including unused fragments

            1.5 Average locations per line
            5.3 Average locations per statement

RAM used:   68/368 (18%) at main() level
            72/368 (20%) worst case

Stack used: 3 worst case (2 in main + 1 for interrupts)
Stack size: 8

Lines Stmts  %   Files
----- ----- ---  -----
  477   330 100  main.c
  672     0   0  C:\Program Files\PICC\devices\16F877A.h
----- -----
 1149   330 Total

Page ROM  %  RAM    Vol Diff  Functions:
---- --- --- ---    --- ----  ----------
0     21   1    1             @delay_ms1
0     13   1    1    396  2.4  @PUTCHAR_BIU_1
0    107   6    1    687  4.3  main
0      7   0    0     17  0.8  Cruce
0    614  35    2  12531  8.5  Comunica
0     12   1    0             @const644
 Inline         5   4843  4.4  @PSTRINGCN7_621
0     36   2    0             @goto10827
0    531  31    2   4843  4.4  Entradas
0      3   0    0    971  5.8  @const648
0     86   5    4    971  5.8  @PSTRINGC7_621
0      3   0    0    971  5.8  @const650
0      3   0    0    971  5.8  @const651
0      3   0    0    971  5.8  @const652
0      3   0    0             @const653
0      3   0    0             @const654
0      3   0    0             @const655
0      3   0    0             @const656
0      3   0    0             @const657
0      3   0    0             @const658
0      3   0    0             @const659
0      3   0    0             @const660
0      3   0    0             @const661
0      3   0    0             @const662
0      3   0    0             @const663
0      3   0    0             @const664
0      3   0    0             @const665
0      3   0    0             @const666
0      3   0    0             @const667
0      3   0    0             @const668
0      3   0    0             @const669
0      3   0    0             @const670
0      3   0    0    987  4.4  @const671
0      3   0    0             @const672
0    156   9    0   1120  7.8  Salidas
 Inline         0             @cinit1

Program metrics:
    Functions               13
    Statements              330
    Comments                296
    Volume (V)              41776
    Difficulty (D)          66.4
    Effort to implement (E) 2773710
    Time to implement (T)   42 hours, 48 minutes
    Est Delivered Bugs (B)  7
    Cyclomatic Complexity   224
    Maintainability (MI)    117

 Segment     Used  Free
-----------  ----  ----
00000-00003     4  0  
00004-0004E    75  0  
0004F-007FF  1655  314  
00800-00FFF     0  2048  
01000-017FF     0  2048  
01800-01FFF     0  2048  



