
ROM used:   1980/8192 (24%)
            1980/8192 (24%) including unused fragments

            1.5 Average locations per line
            4.8 Average locations per statement

RAM used:   58/368 (16%) at main() level
            64/368 (17%) worst case

Stack used: 2 worst case (1 in main + 1 for interrupts)
Stack size: 8

Lines Stmts  %   Files
----- ----- ---  -----
  615   411 100  main.c
  672     0   0  C:\Program Files\PICC\devices\16F877A.h
----- -----
 1287   411 Total

Page ROM  %  RAM    Vol Diff  Functions:
---- --- --- ---    --- ----  ----------
0     21   1    1             @delay_ms1
0     13   1    1             @PUTCHAR_BIU_1
0     31   2    1    110  2.5  main
 Inline         2    729  6.2  Comunica
0    615  31    2   9001  6.5  Entradas
0    304  15    4   2501  6.4  Cambio
0    571  29    2   5046  5.4  HolaMundo
0      8   0    0     29  1.2  Cruce
0     88   4    2    193  4.0  BusData
0    264  13    0   4559  4.0  Accion
 Inline         0             @cinit1

Program metrics:
    Functions               8
    Statements              411
    Comments                344
    Volume (V)              28331
    Difficulty (D)          37.8
    Effort to implement (E) 1072088
    Time to implement (T)   16 hours, 33 minutes
    Est Delivered Bugs (B)  3
    Cyclomatic Complexity   102
    Maintainability (MI)    28

 Segment     Used  Free
-----------  ----  ----
00000-00003     4  0  
00004-00040    61  0  
00041-007FF  1915  68  
00800-00FFF     0  2048  
01000-017FF     0  2048  
01800-01FFF     0  2048  



