CCS PCM C Compiler, Version 5.025, 29880               18-nov-15 16:44

               Filename:   D:\Dropbox\Gonzalo\Proyecto Casandra\Version final\Soft\Luces\2\main.lst

               ROM used:   1768 words (22%)
                           Largest free fragment is 2048
               RAM used:   73 (20%) at main() level
                           82 (22%) worst case
               Stack used: 3 locations (2 in main + 1 for interrupts)
               Stack size: 8

*
0000:  MOVLW  06
0001:  MOVWF  0A
0002:  GOTO   6C8
0003:  NOP
0004:  MOVWF  7F
0005:  SWAPF  03,W
0006:  CLRF   03
0007:  MOVWF  21
0008:  MOVF   0A,W
0009:  MOVWF  20
000A:  CLRF   0A
000B:  MOVF   04,W
000C:  MOVWF  22
000D:  MOVF   77,W
000E:  MOVWF  23
000F:  MOVF   78,W
0010:  MOVWF  24
0011:  MOVF   79,W
0012:  MOVWF  25
0013:  MOVF   7A,W
0014:  MOVWF  26
0015:  BCF    03.7
0016:  BCF    03.5
0017:  BTFSS  0B.4
0018:  GOTO   01B
0019:  BTFSC  0B.1
001A:  GOTO   038
001B:  MOVLW  8C
001C:  MOVWF  04
001D:  BTFSS  00.5
001E:  GOTO   021
001F:  BTFSC  0C.5
0020:  GOTO   03B
0021:  MOVLW  8C
0022:  MOVWF  04
0023:  BTFSS  00.1
0024:  GOTO   027
0025:  BTFSC  0C.1
0026:  GOTO   03E
0027:  MOVF   22,W
0028:  MOVWF  04
0029:  MOVF   23,W
002A:  MOVWF  77
002B:  MOVF   24,W
002C:  MOVWF  78
002D:  MOVF   25,W
002E:  MOVWF  79
002F:  MOVF   26,W
0030:  MOVWF  7A
0031:  MOVF   20,W
0032:  MOVWF  0A
0033:  SWAPF  21,W
0034:  MOVWF  03
0035:  SWAPF  7F,F
0036:  SWAPF  7F,W
0037:  RETFIE
0038:  BCF    0A.3
0039:  BCF    0A.4
003A:  GOTO   041
003B:  BCF    0A.3
003C:  BCF    0A.4
003D:  GOTO   049
003E:  BCF    0A.3
003F:  BCF    0A.4
0040:  GOTO   0B7
.................... /*====================================================================================================== 
.................... ||   Proyecto: Casandra v1.0                                                                          || 
.................... ||   Autor: Gonzalo Carvallo (gonzacarv@gmail.com)                                                    || 
.................... ||   Fecha: 06/2014                                                                                   || 
.................... ||   Compilador: PCWHD v5.025 (www.ccsinfo.com)                                                       || 
.................... ||   Fuente: http://                                                                                  || 
.................... ||                                                                                                    || 
.................... || Firmware de modulos actuadores de luces correspondientes al sistema domotico CASANDRA. Capacidad   || 
.................... || para actuar sobre 12 consumos y leer 12 entradas digitales + 2 analogicas. Comunicacion sobre par  || 
.................... || trensado usando el transceptor SN75176.                                                            || 
.................... ||                                                                                                    || 
.................... ======================================================================================================*/ 
....................  
.................... #include <16F877A.h> // N2 
.................... //////////// Standard Header file for the PIC16F877A device //////////////// 
.................... /////////////////////////////////////////////////////////////////////////// 
.................... ////        (C) Copyright 1996, 2013 Custom Computer Services          //// 
.................... //// This source code may only be used by licensed users of the CCS C  //// 
.................... //// compiler.  This source code may only be distributed to other      //// 
.................... //// licensed users of the CCS C compiler.  No other use, reproduction //// 
.................... //// or distribution is permitted without written permission.          //// 
.................... //// Derivative programs created using this software in object code    //// 
.................... //// form are not restricted in any way.                               //// 
.................... /////////////////////////////////////////////////////////////////////////// 
.................... #device PIC16F877A 
....................  
.................... #list 
....................  
.................... #fuses XT, WDT, NOPROTECT, NOLVP, PUT//, NOBROWNOUT // Opciones de configuración 
.................... #use delay(clock=4000000)  //Reloj de 4MHz 
*
01B8:  MOVLW  65
01B9:  MOVWF  04
01BA:  BCF    03.7
01BB:  MOVF   00,W
01BC:  BTFSC  03.2
01BD:  GOTO   1CC
01BE:  MOVLW  01
01BF:  MOVWF  78
01C0:  CLRF   77
01C1:  DECFSZ 77,F
01C2:  GOTO   1C1
01C3:  DECFSZ 78,F
01C4:  GOTO   1C0
01C5:  MOVLW  4A
01C6:  MOVWF  77
01C7:  DECFSZ 77,F
01C8:  GOTO   1C7
01C9:  GOTO   1CA
01CA:  DECFSZ 00,F
01CB:  GOTO   1BE
01CC:  RETURN
....................  
.................... #byte TMR1H = 0x0F // Le pongo nombre al registro alto de timer 1 
.................... #byte TMR1L = 0x0E // Le pongo nombre al registro bajo de timer 1 
....................  
.................... ////////// Tipo de entradas y salidas (predefinidas con TRIS) /////////// 
....................  
.................... #use fast_io(a) 
.................... #use fast_io(b) 
.................... #use fast_io(c) 
.................... #use fast_io(d) 
....................  
.................... #use rs232(baud=2400, xmit=PIN_C6, rcv=PIN_C7, enable=PIN_C5, ERRORS) // Comunicacion serial 
*
0055:  BTFSS  0C.5
0056:  GOTO   055
0057:  MOVF   18,W
0058:  MOVWF  27
0059:  MOVF   1A,W
005A:  MOVWF  78
005B:  BTFSS  27.1
005C:  GOTO   05F
005D:  BCF    18.4
005E:  BSF    18.4
*
01CD:  BSF    07.5
01CE:  BTFSS  0C.4
01CF:  GOTO   1CE
01D0:  BSF    07.5
01D1:  MOVF   68,W
01D2:  MOVWF  19
01D3:  NOP
01D4:  BSF    03.5
01D5:  BTFSS  18.1
01D6:  GOTO   1D5
01D7:  BCF    03.5
01D8:  BCF    07.5
01D9:  RETURN
....................  
.................... //////////////////////////////Corresponde a MODULO NUMERO 2////////////////////////////////////////// 
.................... #define LUZ0 45 // Para modulo 2 
.................... #define LUZ1 46 // Para modulo 2 
.................... #define LUZ2 47 // Para modulo 2 
.................... #define LUZ3 48 // Para modulo 2 
.................... #define LUZ4 49 // Para modulo 2 
.................... #define LUZ5 50 // Para modulo 2 
.................... #define LUZ6 51 // Para modulo 2 
.................... #define LUZ7 52 // Para modulo 2 
.................... #define LUZ8 53 // Para modulo 2 
.................... #define LUZ9 54 // Para modulo 2 
.................... #define LUZ10 55 // Para modulo 2 
.................... #define LUZ11 56 // Para modulo 2 
.................... #define TODOS 100  // Para TODOS 
....................  
.................... //#define RESTA 33 // Para modulo 1 
.................... #define RESTA 45 // Para modulo 2 
.................... //#define RESTA 57 // Para modulo 3 
.................... //#define RESTA 69 // Para modulo 4 
.................... //#define RESTA 81 // Para modulo 5 
....................  
.................... ////////// Nombres para las entradas //////// 
.................... #define IN1 PIN_D1 
.................... #define IN2 PIN_D0 
.................... #define IN3 PIN_C3 
.................... #define IN4 PIN_C2 
.................... #define IN5 PIN_C1 
.................... #define IN6 PIN_C0 
.................... #define IN7 PIN_D6 
.................... #define IN8 PIN_D5 
.................... #define IN9 PIN_D4 
.................... #define IN10 PIN_C4 
.................... #define IN11 PIN_D3 
.................... #define IN12 PIN_D2 
....................  
.................... ////////// Nombres para las salidas //////// 
.................... #define OUT1 PIN_B1 
.................... #define OUT2 PIN_B2 
.................... #define OUT3 PIN_B3  
.................... #define OUT4 PIN_B4 
.................... #define OUT5 PIN_B5 
.................... #define OUT6 PIN_B6 
.................... #define OUT7 PIN_B7 
.................... #define OUT8 PIN_E1 
.................... #define OUT9 PIN_E2 
.................... #define OUT10 PIN_A2 
.................... #define OUT11 PIN_E0 
.................... #define OUT12 PIN_A5 
....................  
.................... ////////// Nombres para entradas analogicas del ADC //////// 
.................... #define ANA1 PIN_A0 
.................... #define ANA2 PIN_A1 
.................... #define ANA3 PIN_A3 
....................  
.................... ////////// Otros nombres /////////////// 
.................... #define LED PIN_D7 // Piloto led del modulo 
.................... #define LEDON output_low(LED)     /// Comando rapido para el encendido y  
.................... #define LEDOFF output_high(LED)   /// apagado del piloto LED. 
.................... #define CruX PIN_B0 // Entrada de cruce por cero 
....................  
.................... ////////// Encabezado de funciones /////////////// 
.................... void Cruce(); // Funcion de cruce por 0 que reinicia el timer, se ejecuta por interrupcion de B0 
.................... void Comunica(); // Funcion de lectura de puerto serial y armado del comando, se ejecuta despues de que BusData tiene el comando lleno 
.................... void Cambio(); // Cambio en la configuracion de alguna luz (incluida la variacion de tiempos cortos, debe ser periodica) 
.................... void Entradas(); // Funcion de lectura de las entradas (periodica) 
.................... void Analogicos(); // Funcion de toma de valores analogicos 
.................... void Accion(); // Funcion de Salida de luces (solo se ejecuta por interrupcion del timer2) 
.................... void BusDatax(); // LLego algo al bus de datos (solo se ejecuta por interrupcion de byte esperando en buffer) 
.................... void HolaMundo(); // Funcion de inicio cargamos variables y configuraciones 
.................... void BusData(int C1,int C2); // Hablamos por el bus con mejor repeticion 
....................  
....................  
.................... ////////// Variables Globales /////////////// 
.................... int Comando[4]; // Arreglo que contiene el comando una vez armado 
.................... int LuzIntensidad[12]; // Arreglo de intensidad por defecto de luces (se guarda la config) 
.................... int LuzAccion[12];     // Arreglo de intensidad instantanea de luces 
.................... int LuzAccion2[12];    // Arreglo de intensidad instantanea de luces 2 
.................... int LuzEstado[12]; // Arreglo de Estado de luces 
.................... short TeclaEstado[12]; // Arreglo de Estado de las teclas 
.................... short Teclas; // Bandera de bloqueo de teclas 
.................... long Retraso; // Contador de retraso de cambio de estado en las telcas de luz para evitar ruido electromagnetico 
.................... int i=0; // Contador puntero para armar el comando recibido por el bus 
.................... int j=0; // Contador en interrupcion de cruce por cero para tiempos largos 
....................  
....................  
.................... void main(){ 
*
06C8:  MOVF   03,W
06C9:  ANDLW  1F
06CA:  MOVWF  03
06CB:  BCF    07.5
06CC:  CLRF   27
06CD:  MOVLW  19
06CE:  BSF    03.5
06CF:  MOVWF  19
06D0:  MOVLW  A2
06D1:  MOVWF  18
06D2:  MOVLW  90
06D3:  BCF    03.5
06D4:  MOVWF  18
06D5:  CLRF   61
06D6:  CLRF   62
06D7:  BSF    03.5
06D8:  BSF    1F.0
06D9:  BSF    1F.1
06DA:  BSF    1F.2
06DB:  BCF    1F.3
06DC:  MOVLW  07
06DD:  MOVWF  1C
06DE:  BCF    03.7
....................  
.................... HolaMundo(); // Comenzamos la ejecucion preguntando configuracion y como nos apagamos la ultima vez 
06DF:  BCF    03.5
06E0:  GOTO   1FC
....................  
.................... /* //Para que funcione hay que deshabilitar la funcion de barrio de la salida 
.................... while (1){ 
.................... LEDON; 
.................... delay_ms(500); 
.................... LEDOFF; 
.................... delay_ms(500); 
.................... }*/ 
....................  
.................... while (1){ /////////////// LOOP PRINCIPAL DE MAIN /////////////////////////////// 
....................  
.................... if (Teclas == True) Entradas(); // Leemos entradas 
06E1:  BTFSC  5E.0
06E2:  GOTO   2F5
.................... Cambio(); // Cambios periodicos 
06E3:  GOTO   54A
.................... restart_wdt(); // Reiniciamos el perro 
06E4:  CLRWDT
.................... LEDOFF; 
06E5:  BSF    08.7
06E6:  GOTO   6E1
.................... } // while 1 
.................... } // main 
....................  
06E7:  SLEEP
.................... void BusData(int C1,int C2) { 
.................... int Retrasox; 
....................    Retrasox = 1; 
*
01DA:  MOVLW  01
01DB:  MOVWF  66
....................    while (Retrasox != 255){ 
01DC:  INCFSZ 66,W
01DD:  GOTO   1DF
01DE:  GOTO   1E2
....................    ++Retrasox; 
01DF:  INCF   66,F
....................    restart_wdt(); // Reiniciamos el perro 
01E0:  CLRWDT
01E1:  GOTO   1DC
....................    } 
....................    Retrasox = 1; 
01E2:  MOVLW  01
01E3:  MOVWF  66
....................    printf("%c%c%c%c", 250, C1, C2, C1+C2);  
01E4:  MOVF   65,W
01E5:  ADDWF  64,W
01E6:  MOVWF  67
01E7:  MOVLW  FA
01E8:  MOVWF  68
01E9:  CALL   1CD
01EA:  MOVF   64,W
01EB:  MOVWF  68
01EC:  CALL   1CD
01ED:  MOVF   65,W
01EE:  MOVWF  68
01EF:  CALL   1CD
01F0:  MOVF   67,W
01F1:  MOVWF  68
01F2:  CALL   1CD
....................    while (Retrasox != 255){ 
01F3:  INCFSZ 66,W
01F4:  GOTO   1F6
01F5:  GOTO   1F9
....................    ++Retrasox; 
01F6:  INCF   66,F
....................    restart_wdt(); // Reiniciamos el perro 
01F7:  CLRWDT
01F8:  GOTO   1F3
....................    } 
....................    Retrasox = 1; 
01F9:  MOVLW  01
01FA:  MOVWF  66
01FB:  RETURN
.................... /*   printf("%c%c%c%c", 250, C1, C2, C1+C2); 
....................    while (Retraso != 255){ 
....................    ++Retraso; 
....................    restart_wdt(); // Reiniciamos el perro 
....................    } 
....................    Retraso = 1; 
....................    printf("%c%c%c%c", 250, C1, C2, C1+C2);  
....................    while (Retraso != 255){ 
....................    ++Retraso; 
....................    restart_wdt(); // Reiniciamos el perro 
....................    } 
....................    Retraso = 1; 
....................    printf("%c%c%c%c", 250, C1, C2, C1+C2); */ 
.................... } 
....................  
....................  
.................... void Comunica(){ 
.................... i=0; 
*
0075:  CLRF   61
.................... if (( (Comando[0]) + (Comando[1]) ) == Comando[2]){ // Prueba de checksum 
0076:  MOVF   29,W
0077:  ADDWF  28,W
0078:  SUBWF  2A,W
0079:  BTFSS  03.2
007A:  GOTO   0B3
.................... if ( (((Comando[0])-RESTA) >= 0)&&(((Comando[0])-RESTA) <= 11) ) {  // Solo Luces individuales 
007B:  MOVLW  2D
007C:  SUBWF  28,W
007D:  MOVLW  2D
007E:  SUBWF  28,W
007F:  SUBLW  0B
0080:  BTFSS  03.0
0081:  GOTO   096
....................       LEDON; 
0082:  BCF    08.7
....................       if (Comando[1] < 40){ 
0083:  MOVF   29,W
0084:  SUBLW  27
0085:  BTFSS  03.0
0086:  GOTO   08F
....................       LuzIntensidad[(Comando[0]-RESTA)]=Comando[1]; 
0087:  MOVLW  2D
0088:  SUBWF  28,W
0089:  ADDLW  2C
008A:  MOVWF  04
008B:  BCF    03.7
008C:  MOVF   29,W
008D:  MOVWF  00
....................       } else { 
008E:  GOTO   096
....................       LuzEstado[(Comando[0]-RESTA)]=Comando[1]; 
008F:  MOVLW  2D
0090:  SUBWF  28,W
0091:  ADDLW  50
0092:  MOVWF  04
0093:  BCF    03.7
0094:  MOVF   29,W
0095:  MOVWF  00
....................       } 
.................... }// If 
....................  
.................... if ((Comando[0]) == TODOS){ // Para todas las luces 
0096:  MOVF   28,W
0097:  SUBLW  64
0098:  BTFSS  03.2
0099:  GOTO   0B3
.................... int Cuenta; 
.................... LEDON; 
009A:  BCF    08.7
....................    for (Cuenta=0;Cuenta<12;Cuenta++){ // llena todo desde el 0 al 11 
009B:  CLRF   69
009C:  MOVF   69,W
009D:  SUBLW  0B
009E:  BTFSS  03.0
009F:  GOTO   0B3
....................       if (Comando[1] < 40) { 
00A0:  MOVF   29,W
00A1:  SUBLW  27
00A2:  BTFSS  03.0
00A3:  GOTO   0AB
....................       LuzIntensidad[Cuenta]=Comando[1]; 
00A4:  MOVLW  2C
00A5:  ADDWF  69,W
00A6:  MOVWF  04
00A7:  BCF    03.7
00A8:  MOVF   29,W
00A9:  MOVWF  00
....................       } else { 
00AA:  GOTO   0B1
....................       LuzEstado[Cuenta]=Comando[1]; 
00AB:  MOVLW  50
00AC:  ADDWF  69,W
00AD:  MOVWF  04
00AE:  BCF    03.7
00AF:  MOVF   29,W
00B0:  MOVWF  00
....................       } 
00B1:  INCF   69,F
00B2:  GOTO   09C
.................... } //For 
.................... } // If 
.................... } // if checksum 
.................... } //fn 
....................  
....................  
.................... void Entradas() { 
....................  
.................... while ( (input(IN1)) ^ TeclaEstado[0] ){  // Si cambia la tecla 
*
02F5:  MOVLW  00
02F6:  BTFSC  08.1
02F7:  MOVLW  01
02F8:  MOVWF  64
02F9:  MOVLW  00
02FA:  BTFSC  5C.0
02FB:  MOVLW  01
02FC:  XORWF  64,W
02FD:  BTFSC  03.2
02FE:  GOTO   325
.................... Retraso = Retraso + 1; 
02FF:  MOVLW  01
0300:  ADDWF  5F,F
0301:  BTFSC  03.0
0302:  INCF   60,F
.................... if (Retraso == 755) { 
0303:  MOVF   5F,W
0304:  SUBLW  F3
0305:  BTFSS  03.2
0306:  GOTO   324
0307:  MOVF   60,W
0308:  SUBLW  02
0309:  BTFSS  03.2
030A:  GOTO   324
.................... Retraso = 0; 
030B:  CLRF   60
030C:  CLRF   5F
.................... TeclaEstado[0]=input(IN1); // Gurdamos el Cambio 
030D:  BCF    5C.0
030E:  BTFSC  08.1
030F:  BSF    5C.0
.................... LEDON; 
0310:  BCF    08.7
.................... if (LuzEstado[0] != 90) { 
0311:  MOVF   50,W
0312:  SUBLW  5A
0313:  BTFSC  03.2
0314:  GOTO   31D
.................... BusData(LUZ0,90); 
0315:  MOVLW  2D
0316:  MOVWF  64
0317:  MOVLW  5A
0318:  MOVWF  65
0319:  CALL   1DA
.................... //printf("%c%c%c%c", 250, LUZ0, 90, LUZ0 + 90); //PRENDO 
.................... LuzEstado[0]=90; 
031A:  MOVLW  5A
031B:  MOVWF  50
.................... } // si no es 90 (no esta encendida con intensidad) 
031C:  GOTO   324
.................... else { 
.................... BusData(LUZ0,80); 
031D:  MOVLW  2D
031E:  MOVWF  64
031F:  MOVLW  50
0320:  MOVWF  65
0321:  CALL   1DA
.................... //printf("%c%c%c%c", 250, LUZ0, 80, LUZ0 + 80); //APAGO 
.................... LuzEstado[0]=80; 
0322:  MOVLW  50
0323:  MOVWF  50
.................... } // si no 
.................... } // If retraso 
0324:  GOTO   2F5
.................... } // While 
.................... Retraso = 0; 
0325:  CLRF   60
0326:  CLRF   5F
....................  
.................... while ( (input(IN2)) ^ TeclaEstado[1] ){  // Si cambia la tecla (Cuando aviso al bus de este cambio?) 
0327:  MOVLW  00
0328:  BTFSC  08.0
0329:  MOVLW  01
032A:  MOVWF  64
032B:  MOVLW  00
032C:  BTFSC  5C.1
032D:  MOVLW  01
032E:  XORWF  64,W
032F:  BTFSC  03.2
0330:  GOTO   357
.................... Retraso = Retraso + 1; 
0331:  MOVLW  01
0332:  ADDWF  5F,F
0333:  BTFSC  03.0
0334:  INCF   60,F
.................... if (Retraso == 755) { 
0335:  MOVF   5F,W
0336:  SUBLW  F3
0337:  BTFSS  03.2
0338:  GOTO   356
0339:  MOVF   60,W
033A:  SUBLW  02
033B:  BTFSS  03.2
033C:  GOTO   356
.................... Retraso = 0; 
033D:  CLRF   60
033E:  CLRF   5F
.................... TeclaEstado[1]=input(IN2); // Gurdamos el Cambio 
033F:  BCF    5C.1
0340:  BTFSC  08.0
0341:  BSF    5C.1
.................... LEDON; 
0342:  BCF    08.7
.................... if (LuzEstado[1] != 90) { 
0343:  MOVF   51,W
0344:  SUBLW  5A
0345:  BTFSC  03.2
0346:  GOTO   34F
.................... BusData(LUZ1,90); 
0347:  MOVLW  2E
0348:  MOVWF  64
0349:  MOVLW  5A
034A:  MOVWF  65
034B:  CALL   1DA
.................... //printf("%c%c%c%c", 250, LUZ1, 90, LUZ1 + 90); //PRENDO 
.................... LuzEstado[1]=90; 
034C:  MOVLW  5A
034D:  MOVWF  51
.................... } // si no es 90 (no esta encendida con intensidad) 
034E:  GOTO   356
.................... else { 
.................... BusData(LUZ1,80); 
034F:  MOVLW  2E
0350:  MOVWF  64
0351:  MOVLW  50
0352:  MOVWF  65
0353:  CALL   1DA
.................... //printf("%c%c%c%c", 250, LUZ1, 80, LUZ1 + 80); //APAGO 
.................... LuzEstado[1]=80; 
0354:  MOVLW  50
0355:  MOVWF  51
.................... } //Else 
.................... } // If 
0356:  GOTO   327
.................... } // While 
.................... Retraso = 0; 
0357:  CLRF   60
0358:  CLRF   5F
....................  
.................... while ( (input(IN3)) ^ TeclaEstado[2] ){  // Si cambia la tecla (Cuando aviso al bus de este cambio?) 
0359:  MOVLW  00
035A:  BTFSC  07.3
035B:  MOVLW  01
035C:  MOVWF  64
035D:  MOVLW  00
035E:  BTFSC  5C.2
035F:  MOVLW  01
0360:  XORWF  64,W
0361:  BTFSC  03.2
0362:  GOTO   389
.................... Retraso = Retraso + 1; 
0363:  MOVLW  01
0364:  ADDWF  5F,F
0365:  BTFSC  03.0
0366:  INCF   60,F
.................... if (Retraso == 755) { 
0367:  MOVF   5F,W
0368:  SUBLW  F3
0369:  BTFSS  03.2
036A:  GOTO   388
036B:  MOVF   60,W
036C:  SUBLW  02
036D:  BTFSS  03.2
036E:  GOTO   388
.................... Retraso = 0; 
036F:  CLRF   60
0370:  CLRF   5F
.................... TeclaEstado[2]=input(IN3); // Gurdamos el Cambio 
0371:  BCF    5C.2
0372:  BTFSC  07.3
0373:  BSF    5C.2
.................... LEDON; 
0374:  BCF    08.7
.................... if (LuzEstado[2] != 90) { 
0375:  MOVF   52,W
0376:  SUBLW  5A
0377:  BTFSC  03.2
0378:  GOTO   381
.................... BusData(LUZ2,90); 
0379:  MOVLW  2F
037A:  MOVWF  64
037B:  MOVLW  5A
037C:  MOVWF  65
037D:  CALL   1DA
.................... //printf("%c%c%c%c", 250, LUZ2, 90, LUZ2 + 90); //PRENDO 
.................... LuzEstado[2]=90; 
037E:  MOVLW  5A
037F:  MOVWF  52
.................... } // si no es 90 (no esta encendida con intensidad) 
0380:  GOTO   388
.................... else { 
.................... BusData(LUZ2,80); 
0381:  MOVLW  2F
0382:  MOVWF  64
0383:  MOVLW  50
0384:  MOVWF  65
0385:  CALL   1DA
.................... //printf("%c%c%c%c", 250, LUZ2, 80, LUZ2 + 80); //APAGO 
.................... LuzEstado[2]=80; 
0386:  MOVLW  50
0387:  MOVWF  52
.................... } //Else 
.................... } // If 
0388:  GOTO   359
.................... } // While 
.................... Retraso = 0; 
0389:  CLRF   60
038A:  CLRF   5F
....................  
.................... while ( (input(IN4)) ^ TeclaEstado[3] ){  // Si cambia la tecla (Cuando aviso al bus de este cambio?) 
038B:  MOVLW  00
038C:  BTFSC  07.2
038D:  MOVLW  01
038E:  MOVWF  64
038F:  MOVLW  00
0390:  BTFSC  5C.3
0391:  MOVLW  01
0392:  XORWF  64,W
0393:  BTFSC  03.2
0394:  GOTO   3BB
.................... Retraso = Retraso + 1; 
0395:  MOVLW  01
0396:  ADDWF  5F,F
0397:  BTFSC  03.0
0398:  INCF   60,F
.................... if (Retraso == 755) { 
0399:  MOVF   5F,W
039A:  SUBLW  F3
039B:  BTFSS  03.2
039C:  GOTO   3BA
039D:  MOVF   60,W
039E:  SUBLW  02
039F:  BTFSS  03.2
03A0:  GOTO   3BA
.................... Retraso = 0; 
03A1:  CLRF   60
03A2:  CLRF   5F
.................... TeclaEstado[3]=input(IN4); // Gurdamos el Cambio 
03A3:  BCF    5C.3
03A4:  BTFSC  07.2
03A5:  BSF    5C.3
.................... LEDON; 
03A6:  BCF    08.7
.................... if (LuzEstado[3] != 90) { 
03A7:  MOVF   53,W
03A8:  SUBLW  5A
03A9:  BTFSC  03.2
03AA:  GOTO   3B3
.................... BusData(LUZ3,90); 
03AB:  MOVLW  30
03AC:  MOVWF  64
03AD:  MOVLW  5A
03AE:  MOVWF  65
03AF:  CALL   1DA
.................... //printf("%c%c%c%c", 250, LUZ3, 90, LUZ3 + 90); //PRENDO 
.................... LuzEstado[3]=90; 
03B0:  MOVLW  5A
03B1:  MOVWF  53
.................... } // si no es 90 (no esta encendida con intensidad) 
03B2:  GOTO   3BA
.................... else { 
.................... BusData(LUZ3,80); 
03B3:  MOVLW  30
03B4:  MOVWF  64
03B5:  MOVLW  50
03B6:  MOVWF  65
03B7:  CALL   1DA
.................... //printf("%c%c%c%c", 250, LUZ3, 80, LUZ3 + 80); //APAGO 
.................... LuzEstado[3]=80; 
03B8:  MOVLW  50
03B9:  MOVWF  53
.................... } //Else 
.................... } // If 
03BA:  GOTO   38B
.................... } // While 
.................... Retraso = 0; 
03BB:  CLRF   60
03BC:  CLRF   5F
....................  
.................... while ( (input(IN5)) ^ TeclaEstado[4] ){  // Si cambia la tecla (Cuando aviso al bus de este cambio?) 
03BD:  MOVLW  00
03BE:  BTFSC  07.1
03BF:  MOVLW  01
03C0:  MOVWF  64
03C1:  MOVLW  00
03C2:  BTFSC  5C.4
03C3:  MOVLW  01
03C4:  XORWF  64,W
03C5:  BTFSC  03.2
03C6:  GOTO   3ED
.................... Retraso = Retraso + 1; 
03C7:  MOVLW  01
03C8:  ADDWF  5F,F
03C9:  BTFSC  03.0
03CA:  INCF   60,F
.................... if (Retraso == 755) { 
03CB:  MOVF   5F,W
03CC:  SUBLW  F3
03CD:  BTFSS  03.2
03CE:  GOTO   3EC
03CF:  MOVF   60,W
03D0:  SUBLW  02
03D1:  BTFSS  03.2
03D2:  GOTO   3EC
.................... Retraso = 0; 
03D3:  CLRF   60
03D4:  CLRF   5F
.................... TeclaEstado[4]=input(IN5); // Gurdamos el Cambio 
03D5:  BCF    5C.4
03D6:  BTFSC  07.1
03D7:  BSF    5C.4
.................... LEDON; 
03D8:  BCF    08.7
.................... if (LuzEstado[4] != 90) { 
03D9:  MOVF   54,W
03DA:  SUBLW  5A
03DB:  BTFSC  03.2
03DC:  GOTO   3E5
.................... BusData(LUZ4,90); 
03DD:  MOVLW  31
03DE:  MOVWF  64
03DF:  MOVLW  5A
03E0:  MOVWF  65
03E1:  CALL   1DA
.................... //printf("%c%c%c%c", 250, LUZ4, 90, LUZ4 + 90); //PRENDO 
.................... LuzEstado[4]=90; 
03E2:  MOVLW  5A
03E3:  MOVWF  54
.................... } // si no es 90 (no esta encendida con intensidad) 
03E4:  GOTO   3EC
.................... else { 
.................... BusData(LUZ4,80); 
03E5:  MOVLW  31
03E6:  MOVWF  64
03E7:  MOVLW  50
03E8:  MOVWF  65
03E9:  CALL   1DA
.................... //printf("%c%c%c%c", 250, LUZ4, 80, LUZ4 + 80); //APAGO 
.................... LuzEstado[4]=80; 
03EA:  MOVLW  50
03EB:  MOVWF  54
.................... } //Else 
.................... } // If 
03EC:  GOTO   3BD
.................... } // While 
.................... Retraso = 0; 
03ED:  CLRF   60
03EE:  CLRF   5F
....................  
.................... while ( (input(IN6)) ^ TeclaEstado[5] ){  // Si cambia la tecla (Cuando aviso al bus de este cambio?) 
03EF:  MOVLW  00
03F0:  BTFSC  07.0
03F1:  MOVLW  01
03F2:  MOVWF  64
03F3:  MOVLW  00
03F4:  BTFSC  5C.5
03F5:  MOVLW  01
03F6:  XORWF  64,W
03F7:  BTFSC  03.2
03F8:  GOTO   419
.................... Retraso = Retraso + 1; 
03F9:  MOVLW  01
03FA:  ADDWF  5F,F
03FB:  BTFSC  03.0
03FC:  INCF   60,F
.................... if (Retraso == 755) { 
03FD:  MOVF   5F,W
03FE:  SUBLW  F3
03FF:  BTFSS  03.2
0400:  GOTO   418
0401:  MOVF   60,W
0402:  SUBLW  02
0403:  BTFSS  03.2
0404:  GOTO   418
.................... Retraso = 0; 
0405:  CLRF   60
0406:  CLRF   5F
.................... TeclaEstado[5]=input(IN6); // Gurdamos el Cambio 
0407:  BCF    5C.5
0408:  BTFSC  07.0
0409:  BSF    5C.5
.................... LEDON; 
040A:  BCF    08.7
.................... if (input(IN6)) { // SENSORRRRRR!!!!!!!!!!!! pasillo cuartos 
040B:  BTFSS  07.0
040C:  GOTO   413
.................... BusData(LUZ5,90); 
040D:  MOVLW  32
040E:  MOVWF  64
040F:  MOVLW  5A
0410:  MOVWF  65
0411:  CALL   1DA
.................... //printf("%c%c%c%c", 250, LUZ5, 90, LUZ5 + 90); //PRENDO 
.................... //LuzEstado[5]=90; // Sensor de pasillo 
.................... } // si no es 90 (no esta encendida con intensidad) 
0412:  GOTO   418
.................... else { 
.................... BusData(LUZ5,80); 
0413:  MOVLW  32
0414:  MOVWF  64
0415:  MOVLW  50
0416:  MOVWF  65
0417:  CALL   1DA
.................... //printf("%c%c%c%c", 250, LUZ5, 80, LUZ5 + 80); //APAGO 
.................... //LuzEstado[5]=80; // Sensor de pasillo 
.................... } //Else 
.................... } // If 
0418:  GOTO   3EF
.................... } // While 
.................... Retraso = 0; 
0419:  CLRF   60
041A:  CLRF   5F
....................  
.................... while ( (input(IN7)) ^ TeclaEstado[6] ){  // Si cambia la tecla (Cuando aviso al bus de este cambio?) 
041B:  MOVLW  00
041C:  BTFSC  08.6
041D:  MOVLW  01
041E:  MOVWF  64
041F:  MOVLW  00
0420:  BTFSC  5C.6
0421:  MOVLW  01
0422:  XORWF  64,W
0423:  BTFSC  03.2
0424:  GOTO   44B
.................... Retraso = Retraso + 1; 
0425:  MOVLW  01
0426:  ADDWF  5F,F
0427:  BTFSC  03.0
0428:  INCF   60,F
.................... if (Retraso == 755) { 
0429:  MOVF   5F,W
042A:  SUBLW  F3
042B:  BTFSS  03.2
042C:  GOTO   44A
042D:  MOVF   60,W
042E:  SUBLW  02
042F:  BTFSS  03.2
0430:  GOTO   44A
.................... Retraso = 0; 
0431:  CLRF   60
0432:  CLRF   5F
.................... TeclaEstado[6]=input(IN7); // Gurdamos el Cambio 
0433:  BCF    5C.6
0434:  BTFSC  08.6
0435:  BSF    5C.6
.................... LEDON; 
0436:  BCF    08.7
.................... if (LuzEstado[6] != 90) { 
0437:  MOVF   56,W
0438:  SUBLW  5A
0439:  BTFSC  03.2
043A:  GOTO   443
.................... BusData(LUZ6,90); 
043B:  MOVLW  33
043C:  MOVWF  64
043D:  MOVLW  5A
043E:  MOVWF  65
043F:  CALL   1DA
.................... //printf("%c%c%c%c", 250, LUZ6, 90, LUZ6 + 90); //PRENDO 
.................... LuzEstado[6]=90; 
0440:  MOVLW  5A
0441:  MOVWF  56
.................... } // si no es 90 (no esta encendida con intensidad) 
0442:  GOTO   44A
.................... else { 
.................... BusData(LUZ6,80); 
0443:  MOVLW  33
0444:  MOVWF  64
0445:  MOVLW  50
0446:  MOVWF  65
0447:  CALL   1DA
.................... //printf("%c%c%c%c", 250, LUZ6, 80, LUZ6 + 80); //APAGO 
.................... LuzEstado[6]=80; 
0448:  MOVLW  50
0449:  MOVWF  56
.................... } //Else 
.................... } // If 
044A:  GOTO   41B
.................... } // While 
.................... Retraso = 0; 
044B:  CLRF   60
044C:  CLRF   5F
....................  
.................... while ( (input(IN8)) ^ TeclaEstado[7] ){  // Si cambia la tecla (Cuando aviso al bus de este cambio?) 
044D:  MOVLW  00
044E:  BTFSC  08.5
044F:  MOVLW  01
0450:  MOVWF  64
0451:  MOVLW  00
0452:  BTFSC  5C.7
0453:  MOVLW  01
0454:  XORWF  64,W
0455:  BTFSC  03.2
0456:  GOTO   47D
.................... Retraso = Retraso + 1; 
0457:  MOVLW  01
0458:  ADDWF  5F,F
0459:  BTFSC  03.0
045A:  INCF   60,F
.................... if (Retraso == 755) { 
045B:  MOVF   5F,W
045C:  SUBLW  F3
045D:  BTFSS  03.2
045E:  GOTO   47C
045F:  MOVF   60,W
0460:  SUBLW  02
0461:  BTFSS  03.2
0462:  GOTO   47C
.................... Retraso = 0; 
0463:  CLRF   60
0464:  CLRF   5F
.................... TeclaEstado[7]=input(IN8); // Gurdamos el Cambio 
0465:  BCF    5C.7
0466:  BTFSC  08.5
0467:  BSF    5C.7
.................... LEDON; 
0468:  BCF    08.7
.................... if (LuzEstado[7] != 90) { 
0469:  MOVF   57,W
046A:  SUBLW  5A
046B:  BTFSC  03.2
046C:  GOTO   475
.................... BusData(LUZ7,90); 
046D:  MOVLW  34
046E:  MOVWF  64
046F:  MOVLW  5A
0470:  MOVWF  65
0471:  CALL   1DA
.................... //printf("%c%c%c%c", 250, LUZ7, 90, LUZ7 + 90); //PRENDO 
.................... LuzEstado[7]=90; 
0472:  MOVLW  5A
0473:  MOVWF  57
.................... } // si no es 90 (no esta encendida con intensidad) 
0474:  GOTO   47C
.................... else { 
.................... BusData(LUZ7,80); 
0475:  MOVLW  34
0476:  MOVWF  64
0477:  MOVLW  50
0478:  MOVWF  65
0479:  CALL   1DA
.................... //printf("%c%c%c%c", 250, LUZ7, 80, LUZ7 + 80); //APAGO 
.................... LuzEstado[7]=80; 
047A:  MOVLW  50
047B:  MOVWF  57
.................... } //Else 
.................... } // If 
047C:  GOTO   44D
.................... } // While 
.................... Retraso = 0; 
047D:  CLRF   60
047E:  CLRF   5F
....................  
.................... while ( (input(IN9)) ^ TeclaEstado[8] ){  // Si cambia la tecla (Cuando aviso al bus de este cambio?) 
047F:  MOVLW  00
0480:  BTFSC  08.4
0481:  MOVLW  01
0482:  MOVWF  64
0483:  MOVLW  00
0484:  BTFSC  5D.0
0485:  MOVLW  01
0486:  XORWF  64,W
0487:  BTFSC  03.2
0488:  GOTO   4AF
.................... Retraso = Retraso + 1; 
0489:  MOVLW  01
048A:  ADDWF  5F,F
048B:  BTFSC  03.0
048C:  INCF   60,F
.................... if (Retraso == 755) { 
048D:  MOVF   5F,W
048E:  SUBLW  F3
048F:  BTFSS  03.2
0490:  GOTO   4AE
0491:  MOVF   60,W
0492:  SUBLW  02
0493:  BTFSS  03.2
0494:  GOTO   4AE
.................... Retraso = 0; 
0495:  CLRF   60
0496:  CLRF   5F
.................... TeclaEstado[8]=input(IN9); // Gurdamos el Cambio 
0497:  BCF    5D.0
0498:  BTFSC  08.4
0499:  BSF    5D.0
.................... LEDON; 
049A:  BCF    08.7
.................... if (LuzEstado[8] != 90) { 
049B:  MOVF   58,W
049C:  SUBLW  5A
049D:  BTFSC  03.2
049E:  GOTO   4A7
.................... BusData(LUZ8,90); 
049F:  MOVLW  35
04A0:  MOVWF  64
04A1:  MOVLW  5A
04A2:  MOVWF  65
04A3:  CALL   1DA
.................... //printf("%c%c%c%c", 250, LUZ8, 90, LUZ8 + 90); //PRENDO 
.................... LuzEstado[8]=90; 
04A4:  MOVLW  5A
04A5:  MOVWF  58
.................... } // si no es 90 (no esta encendida con intensidad) 
04A6:  GOTO   4AE
.................... else { 
.................... BusData(LUZ8,80); 
04A7:  MOVLW  35
04A8:  MOVWF  64
04A9:  MOVLW  50
04AA:  MOVWF  65
04AB:  CALL   1DA
.................... //printf("%c%c%c%c", 250, LUZ8, 80, LUZ8 + 80); //APAGO 
.................... LuzEstado[8]=80; 
04AC:  MOVLW  50
04AD:  MOVWF  58
.................... } //Else 
.................... } // If 
04AE:  GOTO   47F
.................... } // While 
.................... Retraso = 0; 
04AF:  CLRF   60
04B0:  CLRF   5F
....................  
.................... while ( (input(IN10)) ^ TeclaEstado[9] ){  // Si cambia la tecla (Cuando aviso al bus de este cambio?) 
04B1:  MOVLW  00
04B2:  BTFSC  07.4
04B3:  MOVLW  01
04B4:  MOVWF  64
04B5:  MOVLW  00
04B6:  BTFSC  5D.1
04B7:  MOVLW  01
04B8:  XORWF  64,W
04B9:  BTFSC  03.2
04BA:  GOTO   4E1
.................... Retraso = Retraso + 1; 
04BB:  MOVLW  01
04BC:  ADDWF  5F,F
04BD:  BTFSC  03.0
04BE:  INCF   60,F
.................... if (Retraso == 755) { 
04BF:  MOVF   5F,W
04C0:  SUBLW  F3
04C1:  BTFSS  03.2
04C2:  GOTO   4E0
04C3:  MOVF   60,W
04C4:  SUBLW  02
04C5:  BTFSS  03.2
04C6:  GOTO   4E0
.................... Retraso = 0; 
04C7:  CLRF   60
04C8:  CLRF   5F
.................... TeclaEstado[9]=input(IN10); // Gurdamos el Cambio 
04C9:  BCF    5D.1
04CA:  BTFSC  07.4
04CB:  BSF    5D.1
.................... LEDON; 
04CC:  BCF    08.7
.................... if (LuzEstado[9] != 90) { 
04CD:  MOVF   59,W
04CE:  SUBLW  5A
04CF:  BTFSC  03.2
04D0:  GOTO   4D9
.................... BusData(LUZ9,90); 
04D1:  MOVLW  36
04D2:  MOVWF  64
04D3:  MOVLW  5A
04D4:  MOVWF  65
04D5:  CALL   1DA
.................... //printf("%c%c%c%c", 250, LUZ9, 90, LUZ9 + 90); //PRENDO 
.................... LuzEstado[9]=90; 
04D6:  MOVLW  5A
04D7:  MOVWF  59
.................... } // si no es 90 (no esta encendida con intensidad) 
04D8:  GOTO   4E0
.................... else { 
.................... BusData(LUZ9,80); 
04D9:  MOVLW  36
04DA:  MOVWF  64
04DB:  MOVLW  50
04DC:  MOVWF  65
04DD:  CALL   1DA
.................... //printf("%c%c%c%c", 250, LUZ9, 80, LUZ9 + 80); //APAGO 
.................... LuzEstado[9]=80; 
04DE:  MOVLW  50
04DF:  MOVWF  59
.................... } //Else 
.................... } // If 
04E0:  GOTO   4B1
.................... } // While 
.................... Retraso = 0; 
04E1:  CLRF   60
04E2:  CLRF   5F
....................  
.................... while ( (input(IN11)) ^ TeclaEstado[10] ){  // Si cambia la tecla (Cuando aviso al bus de este cambio?) 
04E3:  MOVLW  00
04E4:  BTFSC  08.3
04E5:  MOVLW  01
04E6:  MOVWF  64
04E7:  MOVLW  00
04E8:  BTFSC  5D.2
04E9:  MOVLW  01
04EA:  XORWF  64,W
04EB:  BTFSC  03.2
04EC:  GOTO   513
.................... Retraso = Retraso + 1; 
04ED:  MOVLW  01
04EE:  ADDWF  5F,F
04EF:  BTFSC  03.0
04F0:  INCF   60,F
.................... if (Retraso == 755) { 
04F1:  MOVF   5F,W
04F2:  SUBLW  F3
04F3:  BTFSS  03.2
04F4:  GOTO   512
04F5:  MOVF   60,W
04F6:  SUBLW  02
04F7:  BTFSS  03.2
04F8:  GOTO   512
.................... Retraso = 0; 
04F9:  CLRF   60
04FA:  CLRF   5F
.................... TeclaEstado[10]=input(IN11); // Gurdamos el Cambio 
04FB:  BCF    5D.2
04FC:  BTFSC  08.3
04FD:  BSF    5D.2
.................... LEDON; 
04FE:  BCF    08.7
.................... if (LuzEstado[10] != 90) { 
04FF:  MOVF   5A,W
0500:  SUBLW  5A
0501:  BTFSC  03.2
0502:  GOTO   50B
.................... BusData(LUZ10,90); 
0503:  MOVLW  37
0504:  MOVWF  64
0505:  MOVLW  5A
0506:  MOVWF  65
0507:  CALL   1DA
.................... //printf("%c%c%c%c", 250, LUZ10, 90, LUZ10 + 90); //PRENDO 
.................... LuzEstado[10]=90; 
0508:  MOVLW  5A
0509:  MOVWF  5A
.................... } // si no es 90 (no esta encendida con intensidad) 
050A:  GOTO   512
.................... else { 
.................... BusData(LUZ10,80); 
050B:  MOVLW  37
050C:  MOVWF  64
050D:  MOVLW  50
050E:  MOVWF  65
050F:  CALL   1DA
.................... //printf("%c%c%c%c", 250, LUZ10, 80, LUZ10 + 80); //APAGO 
.................... LuzEstado[10]=80; 
0510:  MOVLW  50
0511:  MOVWF  5A
.................... } //Else 
.................... } // If 
0512:  GOTO   4E3
.................... } // While 
.................... Retraso = 0; 
0513:  CLRF   60
0514:  CLRF   5F
....................  
.................... while ( (input(IN12)) ^ TeclaEstado[11] ){  // Si cambia la tecla (Cuando aviso al bus de este cambio?) 
0515:  MOVLW  00
0516:  BTFSC  08.2
0517:  MOVLW  01
0518:  MOVWF  64
0519:  MOVLW  00
051A:  BTFSC  5D.3
051B:  MOVLW  01
051C:  XORWF  64,W
051D:  BTFSC  03.2
051E:  GOTO   545
.................... Retraso = Retraso + 1; 
051F:  MOVLW  01
0520:  ADDWF  5F,F
0521:  BTFSC  03.0
0522:  INCF   60,F
.................... if (Retraso == 755) { 
0523:  MOVF   5F,W
0524:  SUBLW  F3
0525:  BTFSS  03.2
0526:  GOTO   544
0527:  MOVF   60,W
0528:  SUBLW  02
0529:  BTFSS  03.2
052A:  GOTO   544
.................... Retraso = 0; 
052B:  CLRF   60
052C:  CLRF   5F
.................... TeclaEstado[11]=input(IN12); // Gurdamos el Cambio 
052D:  BCF    5D.3
052E:  BTFSC  08.2
052F:  BSF    5D.3
.................... LEDON; 
0530:  BCF    08.7
.................... if (LuzEstado[11] != 90) { 
0531:  MOVF   5B,W
0532:  SUBLW  5A
0533:  BTFSC  03.2
0534:  GOTO   53D
.................... BusData(LUZ11,90); 
0535:  MOVLW  38
0536:  MOVWF  64
0537:  MOVLW  5A
0538:  MOVWF  65
0539:  CALL   1DA
.................... //printf("%c%c%c%c", 250, LUZ11, 90, LUZ11 + 90); //PRENDO 
.................... LuzEstado[11]=90; 
053A:  MOVLW  5A
053B:  MOVWF  5B
.................... } // si no es 90 (no esta encendida con intensidad) 
053C:  GOTO   544
.................... else { 
.................... BusData(LUZ11,80); 
053D:  MOVLW  38
053E:  MOVWF  64
053F:  MOVLW  50
0540:  MOVWF  65
0541:  CALL   1DA
.................... //printf("%c%c%c%c", 250, LUZ11, 80, LUZ11 + 80); //APAGO 
.................... LuzEstado[11]=80; 
0542:  MOVLW  50
0543:  MOVWF  5B
.................... } //Else 
.................... } // If 
0544:  GOTO   515
.................... } // While 
.................... Retraso = 0; 
0545:  CLRF   60
0546:  CLRF   5F
0547:  BCF    0A.3
0548:  BCF    0A.4
0549:  GOTO   6E3 (RETURN)
....................  
.................... } //fn 
....................  
.................... void Cambio(){ 
.................... int Cuenta; 
.................... for (Cuenta=0;Cuenta<12;Cuenta++){ // llena todo desde el 0 al 11 
054A:  CLRF   63
054B:  MOVF   63,W
054C:  SUBLW  0B
054D:  BTFSS  03.0
054E:  GOTO   6C5
....................       if (LuzEstado[Cuenta] == 80) { 
054F:  MOVLW  50
0550:  ADDWF  63,W
0551:  MOVWF  04
0552:  BCF    03.7
0553:  MOVF   00,W
0554:  SUBLW  50
0555:  BTFSS  03.2
0556:  GOTO   563
....................          LuzAccion[Cuenta] = 95; // Apagado 
0557:  MOVLW  38
0558:  ADDWF  63,W
0559:  MOVWF  04
055A:  BCF    03.7
055B:  MOVLW  5F
055C:  MOVWF  00
....................          LuzAccion2[Cuenta] = 95 + 39; // Apagado 
055D:  MOVLW  44
055E:  ADDWF  63,W
055F:  MOVWF  04
0560:  BCF    03.7
0561:  MOVLW  86
0562:  MOVWF  00
....................       } // If estado 80 
....................       if (LuzEstado[Cuenta] == 90) { 
0563:  MOVLW  50
0564:  ADDWF  63,W
0565:  MOVWF  04
0566:  BCF    03.7
0567:  MOVF   00,W
0568:  SUBLW  5A
0569:  BTFSS  03.2
056A:  GOTO   592
....................          LuzAccion[Cuenta] = LuzIntensidad[Cuenta]; // Segun intensidad 
056B:  MOVLW  38
056C:  ADDWF  63,W
056D:  MOVWF  78
056E:  CLRF   7A
056F:  BTFSC  03.0
0570:  INCF   7A,F
0571:  MOVLW  2C
0572:  ADDWF  63,W
0573:  MOVWF  04
0574:  BCF    03.7
0575:  MOVF   00,W
0576:  MOVWF  66
0577:  MOVF   78,W
0578:  MOVWF  04
0579:  BCF    03.7
057A:  BTFSC  7A.0
057B:  BSF    03.7
057C:  MOVF   66,W
057D:  MOVWF  00
....................          LuzAccion2[Cuenta] = LuzIntensidad[Cuenta] + 39; // Segun intensidad 
057E:  MOVLW  44
057F:  ADDWF  63,W
0580:  MOVWF  78
0581:  CLRF   7A
0582:  BTFSC  03.0
0583:  INCF   7A,F
0584:  MOVLW  2C
0585:  ADDWF  63,W
0586:  MOVWF  04
0587:  BCF    03.7
0588:  MOVLW  27
0589:  ADDWF  00,W
058A:  MOVWF  66
058B:  MOVF   78,W
058C:  MOVWF  04
058D:  BCF    03.7
058E:  BTFSC  7A.0
058F:  BSF    03.7
0590:  MOVF   66,W
0591:  MOVWF  00
....................       } // If estado 90 
....................       if (LuzEstado[Cuenta] == 102) { 
0592:  MOVLW  50
0593:  ADDWF  63,W
0594:  MOVWF  04
0595:  BCF    03.7
0596:  MOVF   00,W
0597:  SUBLW  66
0598:  BTFSS  03.2
0599:  GOTO   5A5
....................       LuzAccion[Cuenta] = 0; // MAXIMO 
059A:  MOVLW  38
059B:  ADDWF  63,W
059C:  MOVWF  04
059D:  BCF    03.7
059E:  CLRF   00
....................       LuzAccion2[Cuenta] = 39; // MAXIMO 
059F:  MOVLW  44
05A0:  ADDWF  63,W
05A1:  MOVWF  04
05A2:  BCF    03.7
05A3:  MOVLW  27
05A4:  MOVWF  00
....................       } 
....................       if (LuzEstado[Cuenta] == 95) { 
05A5:  MOVLW  50
05A6:  ADDWF  63,W
05A7:  MOVWF  04
05A8:  BCF    03.7
05A9:  MOVF   00,W
05AA:  SUBLW  5F
05AB:  BTFSS  03.2
05AC:  GOTO   5B9
....................       LuzAccion[Cuenta] = 17; // MEDIO 
05AD:  MOVLW  38
05AE:  ADDWF  63,W
05AF:  MOVWF  04
05B0:  BCF    03.7
05B1:  MOVLW  11
05B2:  MOVWF  00
....................       LuzAccion2[Cuenta] = 17 + 39; // MEDIO 
05B3:  MOVLW  44
05B4:  ADDWF  63,W
05B5:  MOVWF  04
05B6:  BCF    03.7
05B7:  MOVLW  38
05B8:  MOVWF  00
....................       } 
....................       if (LuzEstado[Cuenta] == 96) { 
05B9:  MOVLW  50
05BA:  ADDWF  63,W
05BB:  MOVWF  04
05BC:  BCF    03.7
05BD:  MOVF   00,W
05BE:  SUBLW  60
05BF:  BTFSS  03.2
05C0:  GOTO   5CD
....................       LuzAccion[Cuenta] = 23; //MINIMO 
05C1:  MOVLW  38
05C2:  ADDWF  63,W
05C3:  MOVWF  04
05C4:  BCF    03.7
05C5:  MOVLW  17
05C6:  MOVWF  00
....................       LuzAccion2[Cuenta] = 23 + 39; //MINIMO 
05C7:  MOVLW  44
05C8:  ADDWF  63,W
05C9:  MOVWF  04
05CA:  BCF    03.7
05CB:  MOVLW  3E
05CC:  MOVWF  00
....................       } 
....................       if ((LuzEstado[Cuenta] == 120) || (LuzEstado[Cuenta] == 70)){ // ONOFF1 mas lento de todos 
05CD:  MOVLW  50
05CE:  ADDWF  63,W
05CF:  MOVWF  04
05D0:  BCF    03.7
05D1:  MOVF   00,W
05D2:  SUBLW  78
05D3:  BTFSC  03.2
05D4:  GOTO   5DD
05D5:  MOVLW  50
05D6:  ADDWF  63,W
05D7:  MOVWF  04
05D8:  BCF    03.7
05D9:  MOVF   00,W
05DA:  SUBLW  46
05DB:  BTFSS  03.2
05DC:  GOTO   603
....................          if (bit_test(j,7)) { // Encendido 
05DD:  BTFSS  62.7
05DE:  GOTO   5F1
....................          LuzEstado[Cuenta] = 120; 
05DF:  MOVLW  50
05E0:  ADDWF  63,W
05E1:  MOVWF  04
05E2:  BCF    03.7
05E3:  MOVLW  78
05E4:  MOVWF  00
....................          LuzAccion[Cuenta] = 0; 
05E5:  MOVLW  38
05E6:  ADDWF  63,W
05E7:  MOVWF  04
05E8:  BCF    03.7
05E9:  CLRF   00
....................          LuzAccion2[Cuenta] = 39; 
05EA:  MOVLW  44
05EB:  ADDWF  63,W
05EC:  MOVWF  04
05ED:  BCF    03.7
05EE:  MOVLW  27
05EF:  MOVWF  00
....................          } 
05F0:  GOTO   603
....................          else { 
....................          LuzEstado[Cuenta] = 70; 
05F1:  MOVLW  50
05F2:  ADDWF  63,W
05F3:  MOVWF  04
05F4:  BCF    03.7
05F5:  MOVLW  46
05F6:  MOVWF  00
....................          LuzAccion[Cuenta] = 95; 
05F7:  MOVLW  38
05F8:  ADDWF  63,W
05F9:  MOVWF  04
05FA:  BCF    03.7
05FB:  MOVLW  5F
05FC:  MOVWF  00
....................          LuzAccion2[Cuenta] = 95 + 39; 
05FD:  MOVLW  44
05FE:  ADDWF  63,W
05FF:  MOVWF  04
0600:  BCF    03.7
0601:  MOVLW  86
0602:  MOVWF  00
....................          } 
....................       } // If ONOFF 1 
....................        
....................       if ((LuzEstado[Cuenta] == 121) || (LuzEstado[Cuenta] == 71)){ // ONOFF2 mediano 
0603:  MOVLW  50
0604:  ADDWF  63,W
0605:  MOVWF  04
0606:  BCF    03.7
0607:  MOVF   00,W
0608:  SUBLW  79
0609:  BTFSC  03.2
060A:  GOTO   613
060B:  MOVLW  50
060C:  ADDWF  63,W
060D:  MOVWF  04
060E:  BCF    03.7
060F:  MOVF   00,W
0610:  SUBLW  47
0611:  BTFSS  03.2
0612:  GOTO   639
....................          if (bit_test(j,6)) { // Encendido 
0613:  BTFSS  62.6
0614:  GOTO   627
....................          LuzEstado[Cuenta] = 121; 
0615:  MOVLW  50
0616:  ADDWF  63,W
0617:  MOVWF  04
0618:  BCF    03.7
0619:  MOVLW  79
061A:  MOVWF  00
....................          LuzAccion[Cuenta] = 0; 
061B:  MOVLW  38
061C:  ADDWF  63,W
061D:  MOVWF  04
061E:  BCF    03.7
061F:  CLRF   00
....................          LuzAccion2[Cuenta] = 39; 
0620:  MOVLW  44
0621:  ADDWF  63,W
0622:  MOVWF  04
0623:  BCF    03.7
0624:  MOVLW  27
0625:  MOVWF  00
....................          } 
0626:  GOTO   639
....................          else { 
....................          LuzEstado[Cuenta] = 71; 
0627:  MOVLW  50
0628:  ADDWF  63,W
0629:  MOVWF  04
062A:  BCF    03.7
062B:  MOVLW  47
062C:  MOVWF  00
....................          LuzAccion[Cuenta] = 95; 
062D:  MOVLW  38
062E:  ADDWF  63,W
062F:  MOVWF  04
0630:  BCF    03.7
0631:  MOVLW  5F
0632:  MOVWF  00
....................          LuzAccion2[Cuenta] = 95 + 39; 
0633:  MOVLW  44
0634:  ADDWF  63,W
0635:  MOVWF  04
0636:  BCF    03.7
0637:  MOVLW  86
0638:  MOVWF  00
....................          } 
....................          } // If ONOFF 2 
....................        
....................       if ((LuzEstado[Cuenta] == 122) || (LuzEstado[Cuenta] == 72)){ // ONOFF3 rapido 
0639:  MOVLW  50
063A:  ADDWF  63,W
063B:  MOVWF  04
063C:  BCF    03.7
063D:  MOVF   00,W
063E:  SUBLW  7A
063F:  BTFSC  03.2
0640:  GOTO   649
0641:  MOVLW  50
0642:  ADDWF  63,W
0643:  MOVWF  04
0644:  BCF    03.7
0645:  MOVF   00,W
0646:  SUBLW  48
0647:  BTFSS  03.2
0648:  GOTO   66F
....................          if (bit_test(j,5)) { // Encendido 
0649:  BTFSS  62.5
064A:  GOTO   65D
....................          LuzEstado[Cuenta] = 122; 
064B:  MOVLW  50
064C:  ADDWF  63,W
064D:  MOVWF  04
064E:  BCF    03.7
064F:  MOVLW  7A
0650:  MOVWF  00
....................          LuzAccion[Cuenta] = 0; 
0651:  MOVLW  38
0652:  ADDWF  63,W
0653:  MOVWF  04
0654:  BCF    03.7
0655:  CLRF   00
....................          LuzAccion2[Cuenta] = 39; 
0656:  MOVLW  44
0657:  ADDWF  63,W
0658:  MOVWF  04
0659:  BCF    03.7
065A:  MOVLW  27
065B:  MOVWF  00
....................          } 
065C:  GOTO   66F
....................          else { 
....................          LuzEstado[Cuenta] = 72; 
065D:  MOVLW  50
065E:  ADDWF  63,W
065F:  MOVWF  04
0660:  BCF    03.7
0661:  MOVLW  48
0662:  MOVWF  00
....................          LuzAccion[Cuenta] = 95; 
0663:  MOVLW  38
0664:  ADDWF  63,W
0665:  MOVWF  04
0666:  BCF    03.7
0667:  MOVLW  5F
0668:  MOVWF  00
....................          LuzAccion2[Cuenta] = 95 + 39; 
0669:  MOVLW  44
066A:  ADDWF  63,W
066B:  MOVWF  04
066C:  BCF    03.7
066D:  MOVLW  86
066E:  MOVWF  00
....................          } 
....................           
....................       } // If ONOFF 1 
....................       if ((LuzEstado[Cuenta] == 123) || (LuzEstado[Cuenta] == 73)){ // ONOFF4 rapidisimo 
066F:  MOVLW  50
0670:  ADDWF  63,W
0671:  MOVWF  04
0672:  BCF    03.7
0673:  MOVF   00,W
0674:  SUBLW  7B
0675:  BTFSC  03.2
0676:  GOTO   67F
0677:  MOVLW  50
0678:  ADDWF  63,W
0679:  MOVWF  04
067A:  BCF    03.7
067B:  MOVF   00,W
067C:  SUBLW  49
067D:  BTFSS  03.2
067E:  GOTO   6A5
....................          if (bit_test(j,4)) { // Encendido 
067F:  BTFSS  62.4
0680:  GOTO   693
....................          LuzEstado[Cuenta] = 123; 
0681:  MOVLW  50
0682:  ADDWF  63,W
0683:  MOVWF  04
0684:  BCF    03.7
0685:  MOVLW  7B
0686:  MOVWF  00
....................          LuzAccion[Cuenta] = 0; 
0687:  MOVLW  38
0688:  ADDWF  63,W
0689:  MOVWF  04
068A:  BCF    03.7
068B:  CLRF   00
....................          LuzAccion2[Cuenta] = 39; 
068C:  MOVLW  44
068D:  ADDWF  63,W
068E:  MOVWF  04
068F:  BCF    03.7
0690:  MOVLW  27
0691:  MOVWF  00
....................          } 
0692:  GOTO   6A5
....................          else { 
....................          LuzEstado[Cuenta] = 73; 
0693:  MOVLW  50
0694:  ADDWF  63,W
0695:  MOVWF  04
0696:  BCF    03.7
0697:  MOVLW  49
0698:  MOVWF  00
....................          LuzAccion[Cuenta] = 95; 
0699:  MOVLW  38
069A:  ADDWF  63,W
069B:  MOVWF  04
069C:  BCF    03.7
069D:  MOVLW  5F
069E:  MOVWF  00
....................          LuzAccion2[Cuenta] = 95 + 39; 
069F:  MOVLW  44
06A0:  ADDWF  63,W
06A1:  MOVWF  04
06A2:  BCF    03.7
06A3:  MOVLW  86
06A4:  MOVWF  00
....................          } 
....................       } // If ONOFF 1 
....................        
.................... /*  OLAS PENDIENTES DE IMPLEMENTAR 
....................  
....................       if (LuzEstado[Cuenta] == 130) ii =// OLA 1 Lentisima 
....................          if (bit_test(j,7)) ii = 0; 
....................          else ii = 10000 
....................  
....................        
....................       if (LuzEstado[Cuenta] == 131){ // OLA 2 normal 
....................          if (bit_test(j,7)) ii = 0; 
....................          else ii = 10000 
....................       } // If ONOFF 1 
....................        
....................       if (LuzEstado[Cuenta] == 132){ // OLA 3 rapida 
....................          if (bit_test(j,7)) ii = 0; 
....................          else ii = 10000 
....................       } // If ONOFF 1 
.................... */ 
....................  
....................       if (LuzEstado[Cuenta] == 140){ // ALARMA ON 
06A5:  MOVLW  50
06A6:  ADDWF  63,W
06A7:  MOVWF  04
06A8:  BCF    03.7
06A9:  MOVF   00,W
06AA:  SUBLW  8C
06AB:  BTFSS  03.2
06AC:  GOTO   6B4
....................          Teclas = false; 
06AD:  BCF    5E.0
....................          LuzEstado[Cuenta] = 122; 
06AE:  MOVLW  50
06AF:  ADDWF  63,W
06B0:  MOVWF  04
06B1:  BCF    03.7
06B2:  MOVLW  7A
06B3:  MOVWF  00
....................       } // If ONOFF 3 --> Alarma 
....................  
....................       if (LuzEstado[Cuenta] == 141){ // ALARMA OFF 
06B4:  MOVLW  50
06B5:  ADDWF  63,W
06B6:  MOVWF  04
06B7:  BCF    03.7
06B8:  MOVF   00,W
06B9:  SUBLW  8D
06BA:  BTFSS  03.2
06BB:  GOTO   6C3
....................          Teclas = true; 
06BC:  BSF    5E.0
....................          LuzEstado[Cuenta] = 80; 
06BD:  MOVLW  50
06BE:  ADDWF  63,W
06BF:  MOVWF  04
06C0:  BCF    03.7
06C1:  MOVLW  50
06C2:  MOVWF  00
....................       } // If ONOFF 3 --> Alarma 
06C3:  INCF   63,F
06C4:  GOTO   54B
.................... } // FOR 
06C5:  BCF    0A.3
06C6:  BCF    0A.4
06C7:  GOTO   6E4 (RETURN)
.................... } // fn 
....................   
.................... void HolaMundo(){ // Inicio & configuracion de variables 
....................  
.................... /////////  Inicio el WatchDog  /////////////// 
.................... setup_wdt(WDT_2304MS); 
*
01FC:  MOVLW  0F
01FD:  MOVWF  77
01FE:  CLRF   01
01FF:  MOVLW  81
0200:  MOVWF  04
0201:  BCF    03.7
0202:  MOVF   00,W
0203:  ANDLW  F0
0204:  IORLW  07
0205:  MOVWF  00
0206:  CLRWDT
0207:  MOVF   00,W
0208:  ANDLW  F7
0209:  BTFSC  77.3
020A:  ANDLW  F0
020B:  IORWF  77,W
020C:  MOVWF  00
....................  
.................... /////////  Puertos  /////////////// 
.................... set_tris_a(0b00001011);  // Puerto A como salidas, menos A0, A1 y A3 que son entradas analogicas. 
020D:  MOVLW  0B
020E:  BSF    03.5
020F:  MOVWF  05
.................... set_tris_b(0b00000001);  // Puerto B, todas salidas, menos B0 que es el cruce por cero 
0210:  MOVLW  01
0211:  MOVWF  06
.................... set_tris_c(0b10011111);  // Puerto C, de 0 a 4 -> entradas; 5 y 6 para RS232 salidas; C7 es RX -> Entrada 
0212:  MOVLW  9F
0213:  MOVWF  07
.................... set_tris_d(0b01111111);  // Puerto D, todas entradas menos el Piloto (D7) 
0214:  MOVLW  7F
0215:  MOVWF  08
....................  
.................... int Cuenta = 0; 
0216:  BCF    03.5
0217:  CLRF   63
.................... for (Cuenta=0;Cuenta<12;Cuenta++){ // llena todo desde el 0 al 11 
0218:  CLRF   63
0219:  MOVF   63,W
021A:  SUBLW  0B
021B:  BTFSS  03.0
021C:  GOTO   22A
.................... Luzintensidad[Cuenta] = 0; 
021D:  MOVLW  2C
021E:  ADDWF  63,W
021F:  MOVWF  04
0220:  BCF    03.7
0221:  CLRF   00
.................... LuzEstado[Cuenta] = 80;  // Por defecto todas las luces apagadas 
0222:  MOVLW  50
0223:  ADDWF  63,W
0224:  MOVWF  04
0225:  BCF    03.7
0226:  MOVLW  50
0227:  MOVWF  00
0228:  INCF   63,F
0229:  GOTO   219
.................... } 
....................  
.................... restart_wdt(); // Reiniciamos el perro 
022A:  CLRWDT
.................... delay_ms(1000); 
022B:  MOVLW  04
022C:  MOVWF  64
022D:  MOVLW  FA
022E:  MOVWF  65
022F:  CALL   1B8
0230:  DECFSZ 64,F
0231:  GOTO   22D
.................... restart_wdt(); // Reiniciamos el perro 
0232:  CLRWDT
....................  
.................... /////////  Conversor AD  /////////////// 
.................... setup_adc_ports(RA0_RA1_Ra3_ANALOG);  // Entradas analogicas. 
0233:  BSF    03.5
0234:  BCF    1F.0
0235:  BCF    1F.1
0236:  BSF    1F.2
0237:  BCF    1F.3
.................... setup_adc(ADC_CLOCK_INTERNAL);  // Barrido ¿Hace falta? 
0238:  BCF    1F.6
0239:  BCF    03.5
023A:  BSF    1F.6
023B:  BSF    1F.7
023C:  BSF    03.5
023D:  BCF    1F.7
023E:  BCF    03.5
023F:  BSF    1F.0
....................  
.................... /////////  Temporizadores  /////////////// 
.................... setup_timer_1(T1_INTERNAL | T1_DIV_BY_1); // Contador del tiempo de cruce por cero 
0240:  MOVLW  85
0241:  MOVWF  10
.................... setup_timer_2(T2_DIV_BY_1, 200, 1); // Contador de entrada a la funcion Accion(); 185 
0242:  MOVLW  00
0243:  MOVWF  78
0244:  IORLW  04
0245:  MOVWF  12
0246:  MOVLW  C8
0247:  BSF    03.5
0248:  MOVWF  12
....................  
.................... /////////  Inicio de valores particulares por si el servidor no contesta  /////////////// 
....................  
.................... Cuenta = 0; 
0249:  BCF    03.5
024A:  CLRF   63
.................... for (Cuenta=0;Cuenta<12;Cuenta++){ // llena todo desde el 0 al 11 
024B:  CLRF   63
024C:  MOVF   63,W
024D:  SUBLW  0B
024E:  BTFSS  03.0
024F:  GOTO   25D
.................... Luzintensidad[Cuenta] = 0; 
0250:  MOVLW  2C
0251:  ADDWF  63,W
0252:  MOVWF  04
0253:  BCF    03.7
0254:  CLRF   00
.................... LuzEstado[Cuenta] = 80;  // Por defecto todas las luces apagadas 
0255:  MOVLW  50
0256:  ADDWF  63,W
0257:  MOVWF  04
0258:  BCF    03.7
0259:  MOVLW  50
025A:  MOVWF  00
025B:  INCF   63,F
025C:  GOTO   24C
.................... } 
.................... /* 
.................... LuzEstado[0] = 80; 
.................... LuzEstado[1] = 80; 
.................... LuzEstado[2] = 80; 
.................... LuzEstado[3] = 80; 
.................... LuzEstado[4] = 80; 
.................... LuzEstado[5] = 80; 
.................... LuzEstado[6] = 80; 
.................... LuzEstado[7] = 80; 
.................... LuzEstado[8] = 80; 
.................... LuzEstado[9] = 80; 
.................... LuzEstado[10] = 80; 
.................... LuzEstado[11] = 80; 
.................... */ 
.................... //////////////////////// INDICADOR DE ARRANQUE /////////////////////////// 
.................... LEDON; 
025D:  BCF    08.7
.................... delay_ms(RESTA); 
025E:  MOVLW  2D
025F:  MOVWF  65
0260:  CALL   1B8
.................... restart_wdt(); // Reiniciamos el perro 
0261:  CLRWDT
.................... LEDOFF; 
0262:  BSF    08.7
.................... delay_ms(RESTA); 
0263:  MOVLW  2D
0264:  MOVWF  65
0265:  CALL   1B8
.................... restart_wdt(); // Reiniciamos el perro 
0266:  CLRWDT
.................... LEDON; 
0267:  BCF    08.7
.................... delay_ms(RESTA); 
0268:  MOVLW  2D
0269:  MOVWF  65
026A:  CALL   1B8
.................... restart_wdt(); // Reiniciamos el perro 
026B:  CLRWDT
.................... LEDOFF; 
026C:  BSF    08.7
.................... delay_ms(RESTA); 
026D:  MOVLW  2D
026E:  MOVWF  65
026F:  CALL   1B8
.................... restart_wdt(); // Reiniciamos el perro 
0270:  CLRWDT
.................... LEDON; 
0271:  BCF    08.7
.................... delay_ms(RESTA); 
0272:  MOVLW  2D
0273:  MOVWF  65
0274:  CALL   1B8
.................... restart_wdt(); // Reiniciamos el perro 
0275:  CLRWDT
.................... LEDOFF; 
0276:  BSF    08.7
.................... delay_ms(RESTA); 
0277:  MOVLW  2D
0278:  MOVWF  65
0279:  CALL   1B8
.................... restart_wdt(); // Reiniciamos el perro 
027A:  CLRWDT
.................... LEDON; 
027B:  BCF    08.7
.................... delay_ms(RESTA); 
027C:  MOVLW  2D
027D:  MOVWF  65
027E:  CALL   1B8
.................... restart_wdt(); // Reiniciamos el perro 
027F:  CLRWDT
.................... LEDOFF; 
0280:  BSF    08.7
.................... delay_ms(RESTA); 
0281:  MOVLW  2D
0282:  MOVWF  65
0283:  CALL   1B8
.................... restart_wdt(); // Reiniciamos el perro 
0284:  CLRWDT
.................... LEDON; 
0285:  BCF    08.7
.................... delay_ms(RESTA); 
0286:  MOVLW  2D
0287:  MOVWF  65
0288:  CALL   1B8
.................... restart_wdt(); // Reiniciamos el perro 
0289:  CLRWDT
.................... LEDOFF; 
028A:  BSF    08.7
.................... delay_ms(RESTA); 
028B:  MOVLW  2D
028C:  MOVWF  65
028D:  CALL   1B8
.................... restart_wdt(); // Reiniciamos el perro 
028E:  CLRWDT
.................... LEDON; 
028F:  BCF    08.7
.................... delay_ms(RESTA); 
0290:  MOVLW  2D
0291:  MOVWF  65
0292:  CALL   1B8
.................... restart_wdt(); // Reiniciamos el perro 
0293:  CLRWDT
.................... LEDOFF; 
0294:  BSF    08.7
.................... delay_ms(RESTA); 
0295:  MOVLW  2D
0296:  MOVWF  65
0297:  CALL   1B8
.................... restart_wdt(); // Reiniciamos el perro 
0298:  CLRWDT
.................... LEDON; 
0299:  BCF    08.7
.................... delay_ms(RESTA); 
029A:  MOVLW  2D
029B:  MOVWF  65
029C:  CALL   1B8
.................... restart_wdt(); // Reiniciamos el perro 
029D:  CLRWDT
.................... LEDOFF; 
029E:  BSF    08.7
.................... delay_ms(RESTA); 
029F:  MOVLW  2D
02A0:  MOVWF  65
02A1:  CALL   1B8
.................... restart_wdt(); // Reiniciamos el perro 
02A2:  CLRWDT
.................... LEDON; 
02A3:  BCF    08.7
.................... delay_ms(RESTA); 
02A4:  MOVLW  2D
02A5:  MOVWF  65
02A6:  CALL   1B8
.................... restart_wdt(); // Reiniciamos el perro 
02A7:  CLRWDT
.................... LEDOFF; 
02A8:  BSF    08.7
.................... delay_ms(RESTA); 
02A9:  MOVLW  2D
02AA:  MOVWF  65
02AB:  CALL   1B8
.................... restart_wdt(); // Reiniciamos el perro 
02AC:  CLRWDT
.................... LEDON; 
02AD:  BCF    08.7
.................... delay_ms(RESTA); 
02AE:  MOVLW  2D
02AF:  MOVWF  65
02B0:  CALL   1B8
.................... restart_wdt(); // Reiniciamos el perro 
02B1:  CLRWDT
.................... LEDOFF; 
02B2:  BSF    08.7
.................... delay_ms(RESTA); 
02B3:  MOVLW  2D
02B4:  MOVWF  65
02B5:  CALL   1B8
.................... restart_wdt(); // Reiniciamos el perro 
02B6:  CLRWDT
.................... LEDON; 
02B7:  BCF    08.7
.................... delay_ms(RESTA); 
02B8:  MOVLW  2D
02B9:  MOVWF  65
02BA:  CALL   1B8
.................... restart_wdt(); // Reiniciamos el perro 
02BB:  CLRWDT
.................... LEDOFF; 
02BC:  BSF    08.7
....................  
.................... Cuenta = 0; 
02BD:  CLRF   63
.................... for (Cuenta=0;Cuenta<12;Cuenta++){ // llena todo desde el 0 al 11 
02BE:  CLRF   63
02BF:  MOVF   63,W
02C0:  SUBLW  0B
02C1:  BTFSS  03.0
02C2:  GOTO   2D0
.................... Luzintensidad[Cuenta] = 0; 
02C3:  MOVLW  2C
02C4:  ADDWF  63,W
02C5:  MOVWF  04
02C6:  BCF    03.7
02C7:  CLRF   00
.................... LuzEstado[Cuenta] = 80;  // Por defecto todas las luces apagadas 
02C8:  MOVLW  50
02C9:  ADDWF  63,W
02CA:  MOVWF  04
02CB:  BCF    03.7
02CC:  MOVLW  50
02CD:  MOVWF  00
02CE:  INCF   63,F
02CF:  GOTO   2BF
.................... } 
....................  
.................... /////////  Interrupciones  /////////////// 
.................... enable_interrupts(global); 
02D0:  MOVLW  C0
02D1:  IORWF  0B,F
.................... //disable_interrupts(global); 
.................... enable_interrupts(int_ext); // Interrupcion para el cruce por 0 
02D2:  BSF    0B.4
.................... enable_interrupts(int_rda); // Interrupcion de llegada de datos 
02D3:  BSF    03.5
02D4:  BSF    0C.5
.................... enable_interrupts(int_timer2); // frecuencia de entrada al barrido de focos 
02D5:  BSF    0C.1
....................  
.................... Teclas = true; // Para que se puedan usar las teclas 
02D6:  BCF    03.5
02D7:  BSF    5E.0
....................  
.................... /////////  Inicio valores de luces por defecto por si el servidor no contesta  /////////////// 
....................  
.................... Cuenta = 0; 
02D8:  CLRF   63
.................... for (Cuenta=0;Cuenta<12;Cuenta++){ // llena todo desde el 0 al 11 
02D9:  CLRF   63
02DA:  MOVF   63,W
02DB:  SUBLW  0B
02DC:  BTFSS  03.0
02DD:  GOTO   2EB
.................... Luzintensidad[Cuenta] = 0; 
02DE:  MOVLW  2C
02DF:  ADDWF  63,W
02E0:  MOVWF  04
02E1:  BCF    03.7
02E2:  CLRF   00
.................... LuzEstado[Cuenta] = 80;  // Por defecto todas las luces apagadas 
02E3:  MOVLW  50
02E4:  ADDWF  63,W
02E5:  MOVWF  04
02E6:  BCF    03.7
02E7:  MOVLW  50
02E8:  MOVWF  00
02E9:  INCF   63,F
02EA:  GOTO   2DA
.................... } 
.................... LEDON; 
02EB:  BCF    08.7
.................... BusData(184,50); 
02EC:  MOVLW  B8
02ED:  MOVWF  64
02EE:  MOVLW  32
02EF:  MOVWF  65
02F0:  CALL   1DA
.................... //printf("%c%c%c%c", 250, 184, 50, 184+50); //Identificacion de inicio (49 es 1; 50 es 2; 51 es 3; 52 es 4 y 53 es 5) // Identificacion de red 
.................... //delay_ms(50); 
.................... restart_wdt(); // Reiniciamos el perro 
02F1:  CLRWDT
02F2:  BCF    0A.3
02F3:  BCF    0A.4
02F4:  GOTO   6E1 (RETURN)
.................... //BusData(184,50); 
.................... //printf("%c%c%c%c", 250, 184, 50, 184+50); //Identificacion de inicio (49 es 1; 50 es 2; 51 es 3; 52 es 4 y 53 es 5) // Identificacion de red 
.................... //delay_ms(50); 
.................... //restart_wdt(); // Reiniciamos el perro 
.................... //BusData(184,50); 
.................... //printf("%c%c%c%c", 250, 184, 50, 184+50); //Identificacion de inicio (49 es 1; 50 es 2; 51 es 3; 52 es 4 y 53 es 5) // Identificacion de red 
.................... //delay_ms(50); 
.................... //restart_wdt(); // Reiniciamos el perro 
....................  
.................... } 
....................  
.................... #int_ext 
.................... void Cruce(){ 
.................... set_timer1(0); // Reseteamos el timer porque cruzamos por 0 
*
0041:  CLRF   0E
0042:  CLRF   0F
0043:  CLRF   0E
.................... ++j; // variable de tiempos largos 
0044:  INCF   62,F
.................... } 
....................  
0045:  BCF    0B.1
0046:  BCF    0A.3
0047:  BCF    0A.4
0048:  GOTO   027
.................... #int_rda 
.................... void BusDatax(){ 
.................... //LEDON; 
.................... if (kbhit()){ 
0049:  BTFSS  0C.5
004A:  GOTO   0B3
.................... Comando[i]=getc(); 
004B:  MOVLW  28
004C:  ADDWF  61,W
004D:  MOVWF  04
004E:  BCF    03.7
004F:  CLRF   6C
0050:  MOVF   04,W
0051:  MOVWF  6B
0052:  BCF    6C.0
0053:  BTFSC  03.7
0054:  BSF    6C.0
*
005F:  MOVF   6B,W
0060:  MOVWF  04
0061:  BCF    03.7
0062:  BTFSC  6C.0
0063:  BSF    03.7
0064:  MOVF   78,W
0065:  MOVWF  00
.................... if (Comando[i] == 250) i=0; 
0066:  MOVLW  28
0067:  ADDWF  61,W
0068:  MOVWF  04
0069:  BCF    03.7
006A:  MOVF   00,W
006B:  SUBLW  FA
006C:  BTFSS  03.2
006D:  GOTO   070
006E:  CLRF   61
006F:  GOTO   071
.................... else ++i; 
0070:  INCF   61,F
.................... if (i==3) Comunica(); // Tenemos un comando nuevo 
0071:  MOVF   61,W
0072:  SUBLW  03
0073:  BTFSS  03.2
0074:  GOTO   0B3
.................... } 
.................... } 
....................  
*
00B3:  BCF    0C.5
00B4:  BCF    0A.3
00B5:  BCF    0A.4
00B6:  GOTO   027
.................... #int_timer2 
.................... void Accion(){ // Funcion de actuacion de luces de alta velocidad (lo mas depurada posible) 
....................  
.................... if (TMR1H < 36){ 
00B7:  MOVF   0F,W
00B8:  SUBLW  23
00B9:  BTFSS  03.0
00BA:  GOTO   138
.................... if (TMR1H == LuzAccion[0]) output_high(OUT1); 
00BB:  MOVF   38,W
00BC:  SUBWF  0F,W
00BD:  BTFSC  03.2
00BE:  BSF    06.1
.................... if (TMR1H == LuzAccion[1]) output_high(OUT2); 
00BF:  MOVF   39,W
00C0:  SUBWF  0F,W
00C1:  BTFSC  03.2
00C2:  BSF    06.2
.................... if (TMR1H == LuzAccion[2]) output_high(OUT3); 
00C3:  MOVF   3A,W
00C4:  SUBWF  0F,W
00C5:  BTFSC  03.2
00C6:  BSF    06.3
.................... if (TMR1H == LuzAccion[3]) output_high(OUT4); 
00C7:  MOVF   3B,W
00C8:  SUBWF  0F,W
00C9:  BTFSC  03.2
00CA:  BSF    06.4
.................... if (TMR1H == LuzAccion[4]) output_high(OUT5); 
00CB:  MOVF   3C,W
00CC:  SUBWF  0F,W
00CD:  BTFSC  03.2
00CE:  BSF    06.5
.................... if (TMR1H == LuzAccion[5]) output_high(OUT6); 
00CF:  MOVF   3D,W
00D0:  SUBWF  0F,W
00D1:  BTFSC  03.2
00D2:  BSF    06.6
.................... if (TMR1H == LuzAccion[6]) output_high(OUT7); 
00D3:  MOVF   3E,W
00D4:  SUBWF  0F,W
00D5:  BTFSC  03.2
00D6:  BSF    06.7
.................... if (TMR1H == LuzAccion[7]) output_high(OUT8); 
00D7:  MOVF   3F,W
00D8:  SUBWF  0F,W
00D9:  BTFSS  03.2
00DA:  GOTO   0DF
00DB:  BSF    03.5
00DC:  BCF    09.1
00DD:  BCF    03.5
00DE:  BSF    09.1
.................... if (TMR1H == LuzAccion[8]) output_high(OUT9); 
00DF:  MOVF   40,W
00E0:  SUBWF  0F,W
00E1:  BTFSS  03.2
00E2:  GOTO   0E7
00E3:  BSF    03.5
00E4:  BCF    09.2
00E5:  BCF    03.5
00E6:  BSF    09.2
.................... if (TMR1H == LuzAccion[9]) output_high(OUT10); 
00E7:  MOVF   41,W
00E8:  SUBWF  0F,W
00E9:  BTFSC  03.2
00EA:  BSF    05.2
.................... if (TMR1H == LuzAccion[10]) output_high(OUT11); 
00EB:  MOVF   42,W
00EC:  SUBWF  0F,W
00ED:  BTFSS  03.2
00EE:  GOTO   0F3
00EF:  BSF    03.5
00F0:  BCF    09.0
00F1:  BCF    03.5
00F2:  BSF    09.0
.................... if (TMR1H == LuzAccion[11]) output_high(OUT12); 
00F3:  MOVF   43,W
00F4:  SUBWF  0F,W
00F5:  BTFSC  03.2
00F6:  BSF    05.5
....................  
.................... if (TMR1H == 35){     
00F7:  MOVF   0F,W
00F8:  SUBLW  23
00F9:  BTFSS  03.2
00FA:  GOTO   137
.................... if (LuzAccion[0]>2) output_low(OUT1); 
00FB:  MOVF   38,W
00FC:  SUBLW  02
00FD:  BTFSS  03.0
00FE:  BCF    06.1
.................... if (LuzAccion[1]>2) output_low(OUT2); 
00FF:  MOVF   39,W
0100:  SUBLW  02
0101:  BTFSS  03.0
0102:  BCF    06.2
.................... if (LuzAccion[2]>2) output_low(OUT3); 
0103:  MOVF   3A,W
0104:  SUBLW  02
0105:  BTFSS  03.0
0106:  BCF    06.3
.................... if (LuzAccion[3]>2) output_low(OUT4); 
0107:  MOVF   3B,W
0108:  SUBLW  02
0109:  BTFSS  03.0
010A:  BCF    06.4
.................... if (LuzAccion[4]>2) output_low(OUT5); 
010B:  MOVF   3C,W
010C:  SUBLW  02
010D:  BTFSS  03.0
010E:  BCF    06.5
.................... if (LuzAccion[5]>2) output_low(OUT6); 
010F:  MOVF   3D,W
0110:  SUBLW  02
0111:  BTFSS  03.0
0112:  BCF    06.6
.................... if (LuzAccion[6]>2) output_low(OUT7); 
0113:  MOVF   3E,W
0114:  SUBLW  02
0115:  BTFSS  03.0
0116:  BCF    06.7
.................... if (LuzAccion[7]>2) output_low(OUT8); 
0117:  MOVF   3F,W
0118:  SUBLW  02
0119:  BTFSC  03.0
011A:  GOTO   11F
011B:  BSF    03.5
011C:  BCF    09.1
011D:  BCF    03.5
011E:  BCF    09.1
.................... if (LuzAccion[8]>2) output_low(OUT9); 
011F:  MOVF   40,W
0120:  SUBLW  02
0121:  BTFSC  03.0
0122:  GOTO   127
0123:  BSF    03.5
0124:  BCF    09.2
0125:  BCF    03.5
0126:  BCF    09.2
.................... if (LuzAccion[9]>2) output_low(OUT10); 
0127:  MOVF   41,W
0128:  SUBLW  02
0129:  BTFSS  03.0
012A:  BCF    05.2
.................... if (LuzAccion[10]>2) output_low(OUT11); 
012B:  MOVF   42,W
012C:  SUBLW  02
012D:  BTFSC  03.0
012E:  GOTO   133
012F:  BSF    03.5
0130:  BCF    09.0
0131:  BCF    03.5
0132:  BCF    09.0
.................... if (LuzAccion[11]>2) output_low(OUT12); 
0133:  MOVF   43,W
0134:  SUBLW  02
0135:  BTFSS  03.0
0136:  BCF    05.5
.................... } 
.................... } else { 
0137:  GOTO   1B4
.................... if (TMR1H == LuzAccion2[0]) output_high(OUT1); 
0138:  MOVF   44,W
0139:  SUBWF  0F,W
013A:  BTFSC  03.2
013B:  BSF    06.1
.................... if (TMR1H == LuzAccion2[1]) output_high(OUT2); 
013C:  MOVF   45,W
013D:  SUBWF  0F,W
013E:  BTFSC  03.2
013F:  BSF    06.2
.................... if (TMR1H == LuzAccion2[2]) output_high(OUT3); 
0140:  MOVF   46,W
0141:  SUBWF  0F,W
0142:  BTFSC  03.2
0143:  BSF    06.3
.................... if (TMR1H == LuzAccion2[3]) output_high(OUT4); 
0144:  MOVF   47,W
0145:  SUBWF  0F,W
0146:  BTFSC  03.2
0147:  BSF    06.4
.................... if (TMR1H == LuzAccion2[4]) output_high(OUT5); 
0148:  MOVF   48,W
0149:  SUBWF  0F,W
014A:  BTFSC  03.2
014B:  BSF    06.5
.................... if (TMR1H == LuzAccion2[5]) output_high(OUT6); 
014C:  MOVF   49,W
014D:  SUBWF  0F,W
014E:  BTFSC  03.2
014F:  BSF    06.6
.................... if (TMR1H == LuzAccion2[6]) output_high(OUT7); 
0150:  MOVF   4A,W
0151:  SUBWF  0F,W
0152:  BTFSC  03.2
0153:  BSF    06.7
.................... if (TMR1H == LuzAccion2[7]) output_high(OUT8); 
0154:  MOVF   4B,W
0155:  SUBWF  0F,W
0156:  BTFSS  03.2
0157:  GOTO   15C
0158:  BSF    03.5
0159:  BCF    09.1
015A:  BCF    03.5
015B:  BSF    09.1
.................... if (TMR1H == LuzAccion2[8]) output_high(OUT9); 
015C:  MOVF   4C,W
015D:  SUBWF  0F,W
015E:  BTFSS  03.2
015F:  GOTO   164
0160:  BSF    03.5
0161:  BCF    09.2
0162:  BCF    03.5
0163:  BSF    09.2
.................... if (TMR1H == LuzAccion2[9]) output_high(OUT10); 
0164:  MOVF   4D,W
0165:  SUBWF  0F,W
0166:  BTFSC  03.2
0167:  BSF    05.2
.................... if (TMR1H == LuzAccion2[10]) output_high(OUT11); 
0168:  MOVF   4E,W
0169:  SUBWF  0F,W
016A:  BTFSS  03.2
016B:  GOTO   170
016C:  BSF    03.5
016D:  BCF    09.0
016E:  BCF    03.5
016F:  BSF    09.0
.................... if (TMR1H == LuzAccion2[11]) output_high(OUT12); 
0170:  MOVF   4F,W
0171:  SUBWF  0F,W
0172:  BTFSC  03.2
0173:  BSF    05.5
....................  
.................... if (TMR1H == 74){     
0174:  MOVF   0F,W
0175:  SUBLW  4A
0176:  BTFSS  03.2
0177:  GOTO   1B4
.................... if (LuzAccion[0]>2) output_low(OUT1); 
0178:  MOVF   38,W
0179:  SUBLW  02
017A:  BTFSS  03.0
017B:  BCF    06.1
.................... if (LuzAccion[1]>2) output_low(OUT2); 
017C:  MOVF   39,W
017D:  SUBLW  02
017E:  BTFSS  03.0
017F:  BCF    06.2
.................... if (LuzAccion[2]>2) output_low(OUT3); 
0180:  MOVF   3A,W
0181:  SUBLW  02
0182:  BTFSS  03.0
0183:  BCF    06.3
.................... if (LuzAccion[3]>2) output_low(OUT4); 
0184:  MOVF   3B,W
0185:  SUBLW  02
0186:  BTFSS  03.0
0187:  BCF    06.4
.................... if (LuzAccion[4]>2) output_low(OUT5); 
0188:  MOVF   3C,W
0189:  SUBLW  02
018A:  BTFSS  03.0
018B:  BCF    06.5
.................... if (LuzAccion[5]>2) output_low(OUT6); 
018C:  MOVF   3D,W
018D:  SUBLW  02
018E:  BTFSS  03.0
018F:  BCF    06.6
.................... if (LuzAccion[6]>2) output_low(OUT7); 
0190:  MOVF   3E,W
0191:  SUBLW  02
0192:  BTFSS  03.0
0193:  BCF    06.7
.................... if (LuzAccion[7]>2) output_low(OUT8); 
0194:  MOVF   3F,W
0195:  SUBLW  02
0196:  BTFSC  03.0
0197:  GOTO   19C
0198:  BSF    03.5
0199:  BCF    09.1
019A:  BCF    03.5
019B:  BCF    09.1
.................... if (LuzAccion[8]>2) output_low(OUT9); 
019C:  MOVF   40,W
019D:  SUBLW  02
019E:  BTFSC  03.0
019F:  GOTO   1A4
01A0:  BSF    03.5
01A1:  BCF    09.2
01A2:  BCF    03.5
01A3:  BCF    09.2
.................... if (LuzAccion[9]>2) output_low(OUT10); 
01A4:  MOVF   41,W
01A5:  SUBLW  02
01A6:  BTFSS  03.0
01A7:  BCF    05.2
.................... if (LuzAccion[10]>2) output_low(OUT11); 
01A8:  MOVF   42,W
01A9:  SUBLW  02
01AA:  BTFSC  03.0
01AB:  GOTO   1B0
01AC:  BSF    03.5
01AD:  BCF    09.0
01AE:  BCF    03.5
01AF:  BCF    09.0
.................... if (LuzAccion[11]>2) output_low(OUT12); 
01B0:  MOVF   43,W
01B1:  SUBLW  02
01B2:  BTFSS  03.0
01B3:  BCF    05.5
.................... } 
.................... } 
01B4:  BCF    0C.1
01B5:  BCF    0A.3
01B6:  BCF    0A.4
01B7:  GOTO   027
.................... } // Fn 
....................  
....................  

Configuration Fuses:
   Word  1: 3F75   XT WDT PUT BROWNOUT NOLVP NOCPD NOWRT NODEBUG NOPROTECT
